<?xml version="1.0" encoding="UTF-8"?>
<coverage generated="1765544674754" clover="3.2.0">
  <project timestamp="1765544674754" name="All files">
    <metrics statements="369" coveredstatements="318" conditionals="219" coveredconditionals="181" methods="99" coveredmethods="81" elements="687" coveredelements="580" complexity="0" loc="369" ncloc="369" packages="7" files="16" classes="16"/>
    <package name="components">
      <metrics statements="47" coveredstatements="44" conditionals="30" coveredconditionals="22" methods="14" coveredmethods="14"/>
      <file name="Card.tsx" path="/Users/fuaadabdullah/ForgeMonorepo/apps/goblin-assistant/src/components/Card.tsx">
        <metrics statements="6" coveredstatements="6" conditionals="15" coveredconditionals="9" methods="1" coveredmethods="1"/>
        <line num="14" count="3" type="stmt"/>
        <line num="24" count="48" type="cond" truecount="2" falsecount="2"/>
        <line num="25" count="48" type="cond" truecount="1" falsecount="1"/>
        <line num="26" count="48" type="cond" truecount="1" falsecount="1"/>
        <line num="27" count="48" type="cond" truecount="1" falsecount="1"/>
        <line num="29" count="48" type="stmt"/>
      </file>
      <file name="LoadingSkeleton.tsx" path="/Users/fuaadabdullah/ForgeMonorepo/apps/goblin-assistant/src/components/LoadingSkeleton.tsx">
        <metrics statements="17" coveredstatements="17" conditionals="1" coveredconditionals="1" methods="10" coveredmethods="10"/>
        <line num="1" count="1" type="stmt"/>
        <line num="6" count="1" type="stmt"/>
        <line num="7" count="26" type="stmt"/>
        <line num="25" count="78" type="stmt"/>
        <line num="42" count="1" type="stmt"/>
        <line num="43" count="14" type="stmt"/>
        <line num="64" count="1" type="stmt"/>
        <line num="65" count="11" type="stmt"/>
        <line num="88" count="1" type="cond" truecount="1" falsecount="0"/>
        <line num="89" count="3" type="stmt"/>
        <line num="92" count="10" type="stmt"/>
        <line num="102" count="1" type="stmt"/>
        <line num="103" count="2" type="stmt"/>
        <line num="134" count="1" type="stmt"/>
        <line num="135" count="4" type="stmt"/>
        <line num="168" count="24" type="stmt"/>
        <line num="177" count="16" type="stmt"/>
      </file>
      <file name="StatusCard.tsx" path="/Users/fuaadabdullah/ForgeMonorepo/apps/goblin-assistant/src/components/StatusCard.tsx">
        <metrics statements="24" coveredstatements="21" conditionals="14" coveredconditionals="12" methods="3" coveredmethods="3"/>
        <line num="2" count="1" type="stmt"/>
        <line num="3" count="1" type="stmt"/>
        <line num="4" count="1" type="stmt"/>
        <line num="27" count="1" type="stmt"/>
        <line num="65" count="1" type="stmt"/>
        <line num="74" count="8" type="stmt"/>
        <line num="77" count="8" type="stmt"/>
        <line num="78" count="8" type="cond" truecount="0" falsecount="1"/>
        <line num="79" count="8" type="stmt"/>
        <line num="80" count="8" type="stmt"/>
        <line num="81" count="8" type="stmt"/>
        <line num="82" count="8" type="stmt"/>
        <line num="83" count="8" type="stmt"/>
        <line num="84" count="8" type="stmt"/>
        <line num="85" count="8" type="stmt"/>
        <line num="87" count="8" type="cond" truecount="1" falsecount="0"/>
        <line num="88" count="1" type="cond" truecount="1" falsecount="0"/>
        <line num="89" count="0" type="cond" truecount="0" falsecount="1"/>
        <line num="90" count="0" type="stmt"/>
        <line num="92" count="0" type="stmt"/>
        <line num="96" count="8" type="stmt"/>
        <line num="97" count="8" type="cond" truecount="2" falsecount="0"/>
        <line num="99" count="8" type="stmt"/>
        <line num="137" count="3" type="stmt"/>
      </file>
    </package>
    <package name="components.cost">
      <metrics statements="5" coveredstatements="5" conditionals="1" coveredconditionals="0" methods="3" coveredmethods="3"/>
      <file name="CostPanel.tsx" path="/Users/fuaadabdullah/ForgeMonorepo/apps/goblin-assistant/src/components/cost/CostPanel.tsx">
        <metrics statements="5" coveredstatements="5" conditionals="1" coveredconditionals="0" methods="3" coveredmethods="3"/>
        <line num="7" count="1" type="stmt"/>
        <line num="8" count="1" type="cond" truecount="0" falsecount="1"/>
        <line num="10" count="1" type="stmt"/>
        <line num="20" count="2" type="stmt"/>
        <line num="30" count="2" type="stmt"/>
      </file>
    </package>
    <package name="components.streaming">
      <metrics statements="34" coveredstatements="31" conditionals="19" coveredconditionals="17" methods="8" coveredmethods="7"/>
      <file name="StreamingView.tsx" path="/Users/fuaadabdullah/ForgeMonorepo/apps/goblin-assistant/src/components/streaming/StreamingView.tsx">
        <metrics statements="34" coveredstatements="31" conditionals="19" coveredconditionals="17" methods="8" coveredmethods="7"/>
        <line num="1" count="2" type="stmt"/>
        <line num="2" count="2" type="stmt"/>
        <line num="3" count="2" type="stmt"/>
        <line num="16" count="2" type="cond" truecount="0" falsecount="1"/>
        <line num="17" count="84" type="stmt"/>
        <line num="18" count="84" type="stmt"/>
        <line num="19" count="84" type="stmt"/>
        <line num="20" count="84" type="stmt"/>
        <line num="21" count="84" type="stmt"/>
        <line num="23" count="84" type="stmt"/>
        <line num="25" count="39" type="stmt"/>
        <line num="28" count="39" type="cond" truecount="1" falsecount="0"/>
        <line num="29" count="24" type="stmt"/>
        <line num="32" count="15" type="stmt"/>
        <line num="33" count="15" type="cond" truecount="1" falsecount="0"/>
        <line num="34" count="5" type="stmt"/>
        <line num="40" count="6" type="stmt"/>
        <line num="41" count="5" type="stmt"/>
        <line num="45" count="84" type="stmt"/>
        <line num="47" count="26" type="cond" truecount="1" falsecount="0"/>
        <line num="48" count="26" type="stmt"/>
        <line num="52" count="84" type="stmt"/>
        <line num="54" count="39" type="cond" truecount="3" falsecount="0"/>
        <line num="55" count="3" type="stmt"/>
        <line num="59" count="84" type="stmt"/>
        <line num="60" count="84" type="cond" truecount="1" falsecount="0"/>
        <line num="61" count="44" type="stmt"/>
        <line num="64" count="40" type="stmt"/>
        <line num="67" count="4" type="stmt"/>
        <line num="81" count="84" type="stmt"/>
        <line num="82" count="0" type="stmt"/>
        <line num="83" count="0" type="stmt"/>
        <line num="86" count="0" type="stmt"/>
        <line num="90" count="84" type="stmt"/>
      </file>
    </package>
    <package name="components.task-execution">
      <metrics statements="12" coveredstatements="10" conditionals="13" coveredconditionals="10" methods="6" coveredmethods="4"/>
      <file name="TaskControls.tsx" path="/Users/fuaadabdullah/ForgeMonorepo/apps/goblin-assistant/src/components/task-execution/TaskControls.tsx">
        <metrics statements="7" coveredstatements="5" conditionals="6" coveredconditionals="6" methods="4" coveredmethods="2"/>
        <line num="1" count="1" type="stmt"/>
        <line num="2" count="1" type="stmt"/>
        <line num="17" count="1" type="stmt"/>
        <line num="29" count="2" type="stmt"/>
        <line num="36" count="0" type="stmt"/>
        <line num="42" count="2" type="stmt"/>
        <line num="53" count="0" type="stmt"/>
      </file>
      <file name="TaskOutput.tsx" path="/Users/fuaadabdullah/ForgeMonorepo/apps/goblin-assistant/src/components/task-execution/TaskOutput.tsx">
        <metrics statements="5" coveredstatements="5" conditionals="7" coveredconditionals="4" methods="2" coveredmethods="2"/>
        <line num="1" count="1" type="stmt"/>
        <line num="9" count="1" type="stmt"/>
        <line num="10" count="1" type="cond" truecount="0" falsecount="1"/>
        <line num="12" count="1" type="stmt"/>
        <line num="26" count="2" type="stmt"/>
      </file>
    </package>
    <package name="components.ui">
      <metrics statements="55" coveredstatements="55" conditionals="59" coveredconditionals="56" methods="20" coveredmethods="14"/>
      <file name="Alert.tsx" path="/Users/fuaadabdullah/ForgeMonorepo/apps/goblin-assistant/src/components/ui/Alert.tsx">
        <metrics statements="7" coveredstatements="7" conditionals="12" coveredconditionals="12" methods="1" coveredmethods="1"/>
        <line num="2" count="2" type="stmt"/>
        <line num="19" count="2" type="stmt"/>
        <line num="50" count="2" type="stmt"/>
        <line num="59" count="10" type="stmt"/>
        <line num="60" count="10" type="cond" truecount="2" falsecount="0"/>
        <line num="61" count="10" type="cond" truecount="2" falsecount="0"/>
        <line num="63" count="10" type="stmt"/>
      </file>
      <file name="Badge.tsx" path="/Users/fuaadabdullah/ForgeMonorepo/apps/goblin-assistant/src/components/ui/Badge.tsx">
        <metrics statements="4" coveredstatements="4" conditionals="5" coveredconditionals="5" methods="1" coveredmethods="1"/>
        <line num="14" count="3" type="stmt"/>
        <line num="22" count="3" type="stmt"/>
        <line num="31" count="3" type="stmt"/>
        <line num="38" count="17" type="stmt"/>
      </file>
      <file name="Button.tsx" path="/Users/fuaadabdullah/ForgeMonorepo/apps/goblin-assistant/src/components/ui/Button.tsx">
        <metrics statements="7" coveredstatements="7" conditionals="16" coveredconditionals="15" methods="1" coveredmethods="1"/>
        <line num="15" count="4" type="stmt"/>
        <line num="23" count="4" type="stmt"/>
        <line num="33" count="4" type="stmt"/>
        <line num="45" count="16" type="stmt"/>
        <line num="46" count="16" type="cond" truecount="2" falsecount="0"/>
        <line num="47" count="16" type="cond" truecount="2" falsecount="0"/>
        <line num="49" count="16" type="stmt"/>
      </file>
      <file name="Grid.tsx" path="/Users/fuaadabdullah/ForgeMonorepo/apps/goblin-assistant/src/components/ui/Grid.tsx">
        <metrics statements="4" coveredstatements="4" conditionals="5" coveredconditionals="5" methods="1" coveredmethods="1"/>
        <line num="9" count="2" type="stmt"/>
        <line num="19" count="2" type="stmt"/>
        <line num="26" count="9" type="cond" truecount="2" falsecount="0"/>
        <line num="28" count="9" type="stmt"/>
      </file>
      <file name="IconButton.tsx" path="/Users/fuaadabdullah/ForgeMonorepo/apps/goblin-assistant/src/components/ui/IconButton.tsx">
        <metrics statements="5" coveredstatements="5" conditionals="3" coveredconditionals="3" methods="1" coveredmethods="1"/>
        <line num="13" count="3" type="stmt"/>
        <line num="20" count="3" type="stmt"/>
        <line num="30" count="3" type="stmt"/>
        <line num="39" count="6" type="stmt"/>
        <line num="41" count="6" type="stmt"/>
      </file>
      <file name="Tooltip.tsx" path="/Users/fuaadabdullah/ForgeMonorepo/apps/goblin-assistant/src/components/ui/Tooltip.tsx">
        <metrics statements="21" coveredstatements="21" conditionals="18" coveredconditionals="16" methods="8" coveredmethods="8"/>
        <line num="1" count="3" type="stmt"/>
        <line num="21" count="3" type="stmt"/>
        <line num="27" count="35" type="stmt"/>
        <line num="28" count="35" type="stmt"/>
        <line num="29" count="35" type="stmt"/>
        <line num="30" count="35" type="stmt"/>
        <line num="32" count="35" type="stmt"/>
        <line num="33" count="8" type="stmt"/>
        <line num="34" count="8" type="stmt"/>
        <line num="36" count="8" type="stmt"/>
        <line num="40" count="35" type="stmt"/>
        <line num="41" count="3" type="cond" truecount="1" falsecount="0"/>
        <line num="42" count="3" type="stmt"/>
        <line num="44" count="3" type="stmt"/>
        <line num="46" count="3" type="stmt"/>
        <line num="49" count="35" type="stmt"/>
        <line num="50" count="16" type="stmt"/>
        <line num="51" count="16" type="cond" truecount="1" falsecount="0"/>
        <line num="52" count="7" type="stmt"/>
        <line num="57" count="35" type="stmt"/>
        <line num="64" count="35" type="stmt"/>
      </file>
      <file name="index.ts" path="/Users/fuaadabdullah/ForgeMonorepo/apps/goblin-assistant/src/components/ui/index.ts">
        <metrics statements="7" coveredstatements="7" conditionals="0" coveredconditionals="0" methods="7" coveredmethods="1"/>
        <line num="8" count="6" type="stmt"/>
        <line num="9" count="1" type="stmt"/>
        <line num="10" count="1" type="stmt"/>
        <line num="11" count="1" type="stmt"/>
        <line num="12" count="1" type="stmt"/>
        <line num="13" count="1" type="stmt"/>
        <line num="14" count="1" type="stmt"/>
      </file>
    </package>
    <package name="hooks">
      <metrics statements="75" coveredstatements="50" conditionals="14" coveredconditionals="9" methods="12" coveredmethods="8"/>
      <file name="useTaskExecution.ts" path="/Users/fuaadabdullah/ForgeMonorepo/apps/goblin-assistant/src/hooks/useTaskExecution.ts">
        <metrics statements="75" coveredstatements="50" conditionals="14" coveredconditionals="9" methods="12" coveredmethods="8"/>
        <line num="1" count="1" type="stmt"/>
        <line num="2" count="1" type="stmt"/>
        <line num="14" count="1" type="stmt"/>
        <line num="15" count="5" type="stmt"/>
        <line num="16" count="5" type="stmt"/>
        <line num="17" count="5" type="stmt"/>
        <line num="18" count="5" type="stmt"/>
        <line num="19" count="5" type="stmt"/>
        <line num="20" count="5" type="stmt"/>
        <line num="21" count="5" type="stmt"/>
        <line num="22" count="5" type="stmt"/>
        <line num="24" count="5" type="stmt"/>
        <line num="25" count="5" type="stmt"/>
        <line num="27" count="5" type="stmt"/>
        <line num="28" count="2" type="stmt"/>
        <line num="29" count="2" type="stmt"/>
        <line num="30" count="2" type="stmt"/>
        <line num="31" count="2" type="stmt"/>
        <line num="32" count="2" type="cond" truecount="0" falsecount="1"/>
        <line num="33" count="2" type="stmt"/>
        <line num="34" count="2" type="cond" truecount="1" falsecount="0"/>
        <line num="35" count="2" type="stmt"/>
        <line num="38" count="0" type="cond" truecount="0" falsecount="1"/>
        <line num="39" count="0" type="stmt"/>
        <line num="40" count="0" type="stmt"/>
        <line num="44" count="2" type="stmt"/>
        <line num="46" count="2" type="stmt"/>
        <line num="47" count="2" type="stmt"/>
        <line num="48" count="2" type="cond" truecount="1" falsecount="0"/>
        <line num="49" count="1" type="stmt"/>
        <line num="54" count="5" type="stmt"/>
        <line num="55" count="1" type="cond" truecount="2" falsecount="1"/>
        <line num="56" count="0" type="stmt"/>
        <line num="57" count="0" type="stmt"/>
        <line num="60" count="1" type="stmt"/>
        <line num="61" count="1" type="stmt"/>
        <line num="62" count="1" type="stmt"/>
        <line num="63" count="1" type="stmt"/>
        <line num="64" count="1" type="stmt"/>
        <line num="66" count="1" type="stmt"/>
        <line num="71" count="1" type="stmt"/>
        <line num="74" count="1" type="stmt"/>
        <line num="76" count="0" type="stmt"/>
        <line num="77" count="0" type="stmt"/>
        <line num="78" count="0" type="stmt"/>
        <line num="80" count="1" type="stmt"/>
        <line num="84" count="5" type="stmt"/>
        <line num="85" count="2" type="stmt"/>
        <line num="86" count="2" type="stmt"/>
        <line num="88" count="2" type="cond" truecount="3" falsecount="0"/>
        <line num="89" count="2" type="stmt"/>
        <line num="92" count="2" type="cond" truecount="2" falsecount="0"/>
        <line num="94" count="1" type="stmt"/>
        <line num="96" count="1" type="stmt"/>
        <line num="97" count="1" type="stmt"/>
        <line num="100" count="0" type="stmt"/>
        <line num="101" count="0" type="stmt"/>
        <line num="102" count="0" type="stmt"/>
        <line num="106" count="5" type="stmt"/>
        <line num="107" count="0" type="cond" truecount="0" falsecount="1"/>
        <line num="109" count="0" type="stmt"/>
        <line num="110" count="0" type="stmt"/>
        <line num="111" count="0" type="stmt"/>
        <line num="112" count="0" type="stmt"/>
        <line num="113" count="0" type="stmt"/>
        <line num="114" count="0" type="cond" truecount="0" falsecount="1"/>
        <line num="115" count="0" type="stmt"/>
        <line num="116" count="0" type="stmt"/>
        <line num="119" count="0" type="stmt"/>
        <line num="120" count="0" type="stmt"/>
        <line num="124" count="5" type="stmt"/>
        <line num="125" count="0" type="stmt"/>
        <line num="126" count="0" type="stmt"/>
        <line num="129" count="5" type="stmt"/>
        <line num="142" count="0" type="stmt"/>
      </file>
    </package>
    <package name="pages">
      <metrics statements="141" coveredstatements="123" conditionals="83" coveredconditionals="67" methods="36" coveredmethods="31"/>
      <file name="GoblinDemo.tsx" path="/Users/fuaadabdullah/ForgeMonorepo/apps/goblin-assistant/src/pages/GoblinDemo.tsx">
        <metrics statements="141" coveredstatements="123" conditionals="83" coveredconditionals="67" methods="36" coveredmethods="31"/>
        <line num="1" count="1" type="stmt"/>
        <line num="2" count="1" type="stmt"/>
        <line num="3" count="1" type="stmt"/>
        <line num="4" count="1" type="stmt"/>
        <line num="18" count="1" type="stmt"/>
        <line num="41" count="1" type="cond" truecount="1" falsecount="0"/>
        <line num="42" count="61" type="stmt"/>
        <line num="45" count="61" type="stmt"/>
        <line num="48" count="61" type="stmt"/>
        <line num="49" count="61" type="stmt"/>
        <line num="50" count="61" type="stmt"/>
        <line num="51" count="61" type="stmt"/>
        <line num="52" count="61" type="stmt"/>
        <line num="53" count="61" type="stmt"/>
        <line num="54" count="61" type="stmt"/>
        <line num="55" count="61" type="stmt"/>
        <line num="56" count="61" type="stmt"/>
        <line num="59" count="61" type="stmt"/>
        <line num="60" count="61" type="stmt"/>
        <line num="61" count="61" type="stmt"/>
        <line num="62" count="61" type="stmt"/>
        <line num="63" count="61" type="stmt"/>
        <line num="66" count="61" type="cond" truecount="2" falsecount="0"/>
        <line num="67" count="61" type="stmt"/>
        <line num="68" count="24" type="cond" truecount="2" falsecount="0"/>
        <line num="69" count="22" type="stmt"/>
        <line num="71" count="2" type="stmt"/>
        <line num="72" count="2" type="stmt"/>
        <line num="76" count="61" type="stmt"/>
        <line num="77" count="22" type="stmt"/>
        <line num="82" count="22" type="stmt"/>
        <line num="83" count="22" type="stmt"/>
        <line num="84" count="22" type="stmt"/>
        <line num="85" count="21" type="stmt"/>
        <line num="89" count="21" type="stmt"/>
        <line num="92" count="21" type="stmt"/>
        <line num="93" count="21" type="stmt"/>
        <line num="95" count="1" type="stmt"/>
        <line num="96" count="1" type="stmt"/>
        <line num="97" count="1" type="stmt"/>
        <line num="101" count="61" type="stmt"/>
        <line num="102" count="2" type="stmt"/>
        <line num="104" count="2" type="stmt"/>
        <line num="105" count="6" type="stmt"/>
        <line num="106" count="2" type="cond" truecount="1" falsecount="0"/>
        <line num="107" count="2" type="stmt"/>
        <line num="108" count="2" type="stmt"/>
        <line num="112" count="61" type="stmt"/>
        <line num="113" count="10" type="stmt"/>
        <line num="119" count="10" type="stmt"/>
        <line num="120" count="10" type="stmt"/>
        <line num="121" count="10" type="stmt"/>
        <line num="122" count="10" type="stmt"/>
        <line num="125" count="10" type="stmt"/>
        <line num="126" count="0" type="cond" truecount="0" falsecount="3"/>
        <line num="127" count="0" type="stmt"/>
        <line num="128" count="0" type="stmt"/>
        <line num="129" count="0" type="stmt"/>
        <line num="130" count="0" type="stmt"/>
        <line num="134" count="10" type="stmt"/>
        <line num="137" count="10" type="stmt"/>
        <line num="138" count="10" type="stmt"/>
        <line num="139" count="10" type="stmt"/>
        <line num="140" count="10" type="stmt"/>
        <line num="141" count="10" type="stmt"/>
        <line num="143" count="10" type="stmt"/>
        <line num="144" count="10" type="stmt"/>
        <line num="145" count="10" type="stmt"/>
        <line num="146" count="10" type="stmt"/>
        <line num="147" count="9" type="stmt"/>
        <line num="151" count="9" type="stmt"/>
        <line num="153" count="9" type="cond" truecount="2" falsecount="1"/>
        <line num="154" count="0" type="stmt"/>
        <line num="155" count="0" type="stmt"/>
        <line num="156" count="0" type="stmt"/>
        <line num="157" count="0" type="stmt"/>
        <line num="158" count="0" type="stmt"/>
        <line num="161" count="9" type="stmt"/>
        <line num="162" count="15" type="stmt"/>
        <line num="168" count="15" type="stmt"/>
        <line num="170" count="15" type="stmt"/>
        <line num="171" count="15" type="stmt"/>
        <line num="172" count="15" type="stmt"/>
        <line num="176" count="21" type="stmt"/>
        <line num="184" count="21" type="cond" truecount="0" falsecount="1"/>
        <line num="185" count="0" type="stmt"/>
        <line num="186" count="0" type="stmt"/>
        <line num="189" count="21" type="cond" truecount="2" falsecount="0"/>
        <line num="190" count="21" type="stmt"/>
        <line num="191" count="21" type="cond" truecount="3" falsecount="0"/>
        <line num="192" count="21" type="cond" truecount="3" falsecount="0"/>
        <line num="193" count="21" type="cond" truecount="1" falsecount="0"/>
        <line num="194" count="20" type="stmt"/>
        <line num="199" count="21" type="cond" truecount="3" falsecount="0"/>
        <line num="200" count="20" type="stmt"/>
        <line num="210" count="11" type="stmt"/>
        <line num="217" count="11" type="stmt"/>
        <line num="219" count="6" type="stmt"/>
        <line num="221" count="11" type="cond" truecount="1" falsecount="1"/>
        <line num="222" count="11" type="stmt"/>
        <line num="229" count="13" type="stmt"/>
        <line num="231" count="1" type="stmt"/>
        <line num="232" count="1" type="stmt"/>
        <line num="234" count="1" type="stmt"/>
        <line num="239" count="1" type="cond" truecount="1" falsecount="0"/>
        <line num="240" count="1" type="stmt"/>
        <line num="241" count="1" type="stmt"/>
        <line num="242" count="1" type="stmt"/>
        <line num="243" count="1" type="stmt"/>
        <line num="246" count="0" type="stmt"/>
        <line num="250" count="1" type="stmt"/>
        <line num="251" count="1" type="stmt"/>
        <line num="252" count="1" type="cond" truecount="1" falsecount="1"/>
        <line num="256" count="1" type="cond" truecount="1" falsecount="0"/>
        <line num="257" count="1" type="stmt"/>
        <line num="258" count="1" type="stmt"/>
        <line num="259" count="1" type="stmt"/>
        <line num="262" count="9" type="stmt"/>
        <line num="263" count="9" type="stmt"/>
        <line num="264" count="9" type="cond" truecount="0" falsecount="1"/>
        <line num="265" count="0" type="stmt"/>
        <line num="266" count="0" type="stmt"/>
        <line num="271" count="61" type="stmt"/>
        <line num="272" count="2" type="stmt"/>
        <line num="273" count="2" type="stmt"/>
        <line num="276" count="2" type="stmt"/>
        <line num="277" count="2" type="stmt"/>
        <line num="286" count="2" type="stmt"/>
        <line num="288" count="0" type="stmt"/>
        <line num="290" count="0" type="stmt"/>
        <line num="296" count="61" type="stmt"/>
        <line num="305" count="1" type="stmt"/>
        <line num="321" count="2" type="stmt"/>
        <line num="327" count="244" type="stmt"/>
        <line num="346" count="2" type="stmt"/>
        <line num="369" count="51" type="stmt"/>
        <line num="388" count="10" type="stmt"/>
        <line num="414" count="8" type="stmt"/>
        <line num="422" count="37" type="stmt"/>
        <line num="424" count="2" type="stmt"/>
        <line num="449" count="0" type="stmt"/>
      </file>
    </package>
  </project>
</coverage>
