{"/Users/fuaadabdullah/ForgeMonorepo/apps/goblin-assistant/src/components/Card.tsx": {"path":"/Users/fuaadabdullah/ForgeMonorepo/apps/goblin-assistant/src/components/Card.tsx","statementMap":{"0":{"start":{"line":14,"column":0},"end":{"line":14,"column":24}},"1":{"start":{"line":24,"column":4},"end":{"line":24,"column":82}},"2":{"start":{"line":25,"column":19},"end":{"line":25,"column":45}},"3":{"start":{"line":26,"column":22},"end":{"line":26,"column":60}},"4":{"start":{"line":27,"column":25},"end":{"line":27,"column":66}},"5":{"start":{"line":29,"column":2},"end":{"line":37,"column":4}}},"fnMap":{"0":{"name":"Card","decl":{"start":{"line":14,"column":24},"end":{"line":14,"column":28}},"loc":{"start":{"line":22,"column":12},"end":{"line":38,"column":1}}}},"branchMap":{"0":{"loc":{"start":{"line":16,"column":2},"end":{"line":16,"column":16}},"type":"default-arg","locations":[{"start":{"line":16,"column":14},"end":{"line":16,"column":16}}]},"1":{"loc":{"start":{"line":17,"column":2},"end":{"line":17,"column":20}},"type":"default-arg","locations":[{"start":{"line":17,"column":14},"end":{"line":17,"column":20}}]},"2":{"loc":{"start":{"line":18,"column":2},"end":{"line":18,"column":15}},"type":"default-arg","locations":[{"start":{"line":18,"column":11},"end":{"line":18,"column":15}}]},"3":{"loc":{"start":{"line":19,"column":2},"end":{"line":19,"column":17}},"type":"default-arg","locations":[{"start":{"line":19,"column":13},"end":{"line":19,"column":17}}]},"4":{"loc":{"start":{"line":20,"column":2},"end":{"line":20,"column":15}},"type":"default-arg","locations":[{"start":{"line":20,"column":11},"end":{"line":20,"column":15}}]},"5":{"loc":{"start":{"line":24,"column":4},"end":{"line":24,"column":82}},"type":"cond-expr","locations":[{"start":{"line":24,"column":22},"end":{"line":24,"column":34}},{"start":{"line":24,"column":37},"end":{"line":24,"column":82}}]},"6":{"loc":{"start":{"line":24,"column":37},"end":{"line":24,"column":82}},"type":"cond-expr","locations":[{"start":{"line":24,"column":55},"end":{"line":24,"column":67}},{"start":{"line":24,"column":70},"end":{"line":24,"column":82}}]},"7":{"loc":{"start":{"line":25,"column":19},"end":{"line":25,"column":45}},"type":"cond-expr","locations":[{"start":{"line":25,"column":28},"end":{"line":25,"column":40}},{"start":{"line":25,"column":43},"end":{"line":25,"column":45}}]},"8":{"loc":{"start":{"line":26,"column":22},"end":{"line":26,"column":60}},"type":"cond-expr","locations":[{"start":{"line":26,"column":33},"end":{"line":26,"column":55}},{"start":{"line":26,"column":58},"end":{"line":26,"column":60}}]},"9":{"loc":{"start":{"line":27,"column":25},"end":{"line":27,"column":66}},"type":"cond-expr","locations":[{"start":{"line":27,"column":48},"end":{"line":27,"column":61}},{"start":{"line":27,"column":64},"end":{"line":27,"column":66}}]}},"s":{"0":3,"1":48,"2":48,"3":48,"4":48,"5":48},"f":{"0":48},"b":{"0":[0],"1":[48],"2":[34],"3":[34],"4":[34],"5":[0,48],"6":[0,48],"7":[48,0],"8":[48,0],"9":[48,0]}}
,"/Users/fuaadabdullah/ForgeMonorepo/apps/goblin-assistant/src/components/LoadingSkeleton.tsx": {"path":"/Users/fuaadabdullah/ForgeMonorepo/apps/goblin-assistant/src/components/LoadingSkeleton.tsx","statementMap":{"0":{"start":{"line":6,"column":0},"end":{"line":6,"column":16}},"1":{"start":{"line":42,"column":0},"end":{"line":42,"column":16}},"2":{"start":{"line":64,"column":0},"end":{"line":64,"column":16}},"3":{"start":{"line":88,"column":0},"end":{"line":88,"column":16}},"4":{"start":{"line":102,"column":0},"end":{"line":102,"column":16}},"5":{"start":{"line":134,"column":0},"end":{"line":134,"column":16}},"6":{"start":{"line":1,"column":0},"end":{"line":1,"column":26}},"7":{"start":{"line":7,"column":2},"end":{"line":36,"column":4}},"8":{"start":{"line":25,"column":10},"end":{"line":26,"column":null}},"9":{"start":{"line":43,"column":2},"end":{"line":58,"column":4}},"10":{"start":{"line":65,"column":2},"end":{"line":82,"column":4}},"11":{"start":{"line":89,"column":2},"end":{"line":96,"column":4}},"12":{"start":{"line":92,"column":8},"end":{"line":92,"column":36}},"13":{"start":{"line":103,"column":2},"end":{"line":128,"column":4}},"14":{"start":{"line":135,"column":2},"end":{"line":184,"column":4}},"15":{"start":{"line":168,"column":12},"end":{"line":168,"column":42}},"16":{"start":{"line":177,"column":14},"end":{"line":177,"column":27}}},"fnMap":{"0":{"name":"StatusCardSkeleton","decl":{"start":{"line":6,"column":16},"end":{"line":6,"column":34}},"loc":{"start":{"line":6,"column":34},"end":{"line":37,"column":1}}},"1":{"name":"(anonymous_1)","decl":{"start":{"line":24,"column":23},"end":{"line":24,"column":24}},"loc":{"start":{"line":25,"column":10},"end":{"line":26,"column":null}}},"2":{"name":"StatCardSkeleton","decl":{"start":{"line":42,"column":16},"end":{"line":42,"column":32}},"loc":{"start":{"line":42,"column":32},"end":{"line":59,"column":1}}},"3":{"name":"ListItemSkeleton","decl":{"start":{"line":64,"column":16},"end":{"line":64,"column":32}},"loc":{"start":{"line":64,"column":32},"end":{"line":83,"column":1}}},"4":{"name":"ListSkeleton","decl":{"start":{"line":88,"column":16},"end":{"line":88,"column":28}},"loc":{"start":{"line":88,"column":62},"end":{"line":97,"column":1}}},"5":{"name":"(anonymous_5)","decl":{"start":{"line":91,"column":41},"end":{"line":91,"column":42}},"loc":{"start":{"line":92,"column":8},"end":{"line":92,"column":36}}},"6":{"name":"ProviderCardSkeleton","decl":{"start":{"line":102,"column":16},"end":{"line":102,"column":36}},"loc":{"start":{"line":102,"column":36},"end":{"line":129,"column":1}}},"7":{"name":"DashboardSkeleton","decl":{"start":{"line":134,"column":16},"end":{"line":134,"column":33}},"loc":{"start":{"line":134,"column":33},"end":{"line":185,"column":1}}},"8":{"name":"(anonymous_8)","decl":{"start":{"line":167,"column":34},"end":{"line":167,"column":35}},"loc":{"start":{"line":168,"column":12},"end":{"line":168,"column":42}}},"9":{"name":"(anonymous_9)","decl":{"start":{"line":176,"column":30},"end":{"line":176,"column":31}},"loc":{"start":{"line":177,"column":14},"end":{"line":177,"column":27}}}},"branchMap":{"0":{"loc":{"start":{"line":88,"column":31},"end":{"line":88,"column":40}},"type":"default-arg","locations":[{"start":{"line":88,"column":39},"end":{"line":88,"column":40}}]}},"s":{"0":1,"1":1,"2":1,"3":1,"4":1,"5":1,"6":1,"7":26,"8":78,"9":14,"10":11,"11":3,"12":10,"13":2,"14":4,"15":24,"16":16},"f":{"0":26,"1":78,"2":14,"3":11,"4":3,"5":10,"6":2,"7":4,"8":24,"9":16},"b":{"0":[1]}}
,"/Users/fuaadabdullah/ForgeMonorepo/apps/goblin-assistant/src/components/StatusCard.tsx": {"path":"/Users/fuaadabdullah/ForgeMonorepo/apps/goblin-assistant/src/components/StatusCard.tsx","statementMap":{"0":{"start":{"line":65,"column":0},"end":{"line":65,"column":24}},"1":{"start":{"line":2,"column":0},"end":{"line":2,"column":26}},"2":{"start":{"line":3,"column":0},"end":{"line":3,"column":31}},"3":{"start":{"line":4,"column":0},"end":{"line":4,"column":35}},"4":{"start":{"line":27,"column":4},"end":{"line":58,"column":2}},"5":{"start":{"line":74,"column":17},"end":{"line":74,"column":37}},"6":{"start":{"line":77,"column":26},"end":{"line":94,"column":3}},"7":{"start":{"line":78,"column":4},"end":{"line":78,"column":32}},"8":{"start":{"line":78,"column":20},"end":{"line":78,"column":32}},"9":{"start":{"line":79,"column":4},"end":{"line":93,"column":5}},"10":{"start":{"line":80,"column":19},"end":{"line":80,"column":38}},"11":{"start":{"line":81,"column":18},"end":{"line":81,"column":28}},"12":{"start":{"line":82,"column":21},"end":{"line":82,"column":51}},"13":{"start":{"line":83,"column":23},"end":{"line":83,"column":48}},"14":{"start":{"line":84,"column":23},"end":{"line":84,"column":48}},"15":{"start":{"line":85,"column":24},"end":{"line":85,"column":49}},"16":{"start":{"line":87,"column":6},"end":{"line":87,"column":43}},"17":{"start":{"line":87,"column":25},"end":{"line":87,"column":43}},"18":{"start":{"line":88,"column":6},"end":{"line":88,"column":51}},"19":{"start":{"line":88,"column":25},"end":{"line":88,"column":51}},"20":{"start":{"line":89,"column":6},"end":{"line":89,"column":53}},"21":{"start":{"line":89,"column":26},"end":{"line":89,"column":53}},"22":{"start":{"line":90,"column":6},"end":{"line":90,"column":39}},"23":{"start":{"line":92,"column":6},"end":{"line":92,"column":18}},"24":{"start":{"line":96,"column":18},"end":{"line":96,"column":44}},"25":{"start":{"line":97,"column":25},"end":{"line":97,"column":60}},"26":{"start":{"line":99,"column":2},"end":{"line":148,"column":4}},"27":{"start":{"line":137,"column":12},"end":{"line":138,"column":null}}},"fnMap":{"0":{"name":"StatusCard","decl":{"start":{"line":65,"column":24},"end":{"line":65,"column":34}},"loc":{"start":{"line":73,"column":18},"end":{"line":149,"column":1}}},"1":{"name":"(anonymous_1)","decl":{"start":{"line":77,"column":26},"end":{"line":77,"column":27}},"loc":{"start":{"line":77,"column":49},"end":{"line":94,"column":3}}},"2":{"name":"(anonymous_2)","decl":{"start":{"line":136,"column":20},"end":{"line":136,"column":21}},"loc":{"start":{"line":137,"column":12},"end":{"line":138,"column":null}}}},"branchMap":{"0":{"loc":{"start":{"line":69,"column":2},"end":{"line":69,"column":11}},"type":"default-arg","locations":[{"start":{"line":69,"column":9},"end":{"line":69,"column":11}}]},"1":{"loc":{"start":{"line":72,"column":2},"end":{"line":72,"column":16}},"type":"default-arg","locations":[{"start":{"line":72,"column":14},"end":{"line":72,"column":16}}]},"2":{"loc":{"start":{"line":78,"column":4},"end":{"line":78,"column":32}},"type":"if","locations":[{"start":{"line":78,"column":4},"end":{"line":78,"column":32}}]},"3":{"loc":{"start":{"line":87,"column":6},"end":{"line":87,"column":43}},"type":"if","locations":[{"start":{"line":87,"column":6},"end":{"line":87,"column":43}}]},"4":{"loc":{"start":{"line":88,"column":6},"end":{"line":88,"column":51}},"type":"if","locations":[{"start":{"line":88,"column":6},"end":{"line":88,"column":51}}]},"5":{"loc":{"start":{"line":89,"column":6},"end":{"line":89,"column":53}},"type":"if","locations":[{"start":{"line":89,"column":6},"end":{"line":89,"column":53}}]},"6":{"loc":{"start":{"line":97,"column":25},"end":{"line":97,"column":60}},"type":"binary-expr","locations":[{"start":{"line":97,"column":25},"end":{"line":97,"column":38}},{"start":{"line":97,"column":42},"end":{"line":97,"column":60}}]},"7":{"loc":{"start":{"line":107,"column":11},"end":{"line":110,"column":null}},"type":"binary-expr","locations":[{"start":{"line":107,"column":11},"end":{"line":107,"column":15}},{"start":{"line":108,"column":12},"end":{"line":109,"column":null}}]},"8":{"loc":{"start":{"line":127,"column":9},"end":{"line":130,"column":null}},"type":"binary-expr","locations":[{"start":{"line":127,"column":9},"end":{"line":127,"column":16}},{"start":{"line":128,"column":10},"end":{"line":129,"column":null}}]},"9":{"loc":{"start":{"line":134,"column":7},"end":{"line":145,"column":null}},"type":"binary-expr","locations":[{"start":{"line":134,"column":7},"end":{"line":134,"column":22}},{"start":{"line":135,"column":8},"end":{"line":144,"column":null}}]}},"s":{"0":1,"1":1,"2":1,"3":1,"4":1,"5":8,"6":8,"7":8,"8":0,"9":8,"10":8,"11":8,"12":8,"13":8,"14":8,"15":8,"16":8,"17":7,"18":1,"19":1,"20":0,"21":0,"22":0,"23":0,"24":8,"25":8,"26":8,"27":3},"f":{"0":8,"1":8,"2":3},"b":{"0":[7],"1":[7],"2":[0],"3":[7],"4":[1],"5":[0],"6":[8,7],"7":[8,8],"8":[8,8],"9":[8,1]}}
,"/Users/fuaadabdullah/ForgeMonorepo/apps/goblin-assistant/src/components/cost/CostPanel.tsx": {"path":"/Users/fuaadabdullah/ForgeMonorepo/apps/goblin-assistant/src/components/cost/CostPanel.tsx","statementMap":{"0":{"start":{"line":7,"column":0},"end":{"line":7,"column":24}},"1":{"start":{"line":8,"column":2},"end":{"line":8,"column":32}},"2":{"start":{"line":8,"column":20},"end":{"line":8,"column":32}},"3":{"start":{"line":10,"column":2},"end":{"line":37,"column":4}},"4":{"start":{"line":20,"column":12},"end":{"line":20,"column":null}},"5":{"start":{"line":30,"column":12},"end":{"line":30,"column":null}}},"fnMap":{"0":{"name":"CostPanel","decl":{"start":{"line":7,"column":24},"end":{"line":7,"column":33}},"loc":{"start":{"line":7,"column":56},"end":{"line":38,"column":1}}},"1":{"name":"(anonymous_1)","decl":{"start":{"line":19,"column":60},"end":{"line":19,"column":61}},"loc":{"start":{"line":20,"column":12},"end":{"line":20,"column":null}}},"2":{"name":"(anonymous_2)","decl":{"start":{"line":29,"column":57},"end":{"line":29,"column":58}},"loc":{"start":{"line":30,"column":12},"end":{"line":30,"column":null}}}},"branchMap":{"0":{"loc":{"start":{"line":8,"column":2},"end":{"line":8,"column":32}},"type":"if","locations":[{"start":{"line":8,"column":2},"end":{"line":8,"column":32}}]}},"s":{"0":1,"1":1,"2":0,"3":1,"4":2,"5":2},"f":{"0":1,"1":2,"2":2},"b":{"0":[0]}}
,"/Users/fuaadabdullah/ForgeMonorepo/apps/goblin-assistant/src/components/streaming/StreamingView.tsx": {"path":"/Users/fuaadabdullah/ForgeMonorepo/apps/goblin-assistant/src/components/streaming/StreamingView.tsx","statementMap":{"0":{"start":{"line":16,"column":0},"end":{"line":16,"column":24}},"1":{"start":{"line":1,"column":0},"end":{"line":1,"column":52}},"2":{"start":{"line":2,"column":0},"end":{"line":2,"column":29}},"3":{"start":{"line":3,"column":0},"end":{"line":3,"column":48}},"4":{"start":{"line":17,"column":30},"end":{"line":17,"column":56}},"5":{"start":{"line":18,"column":40},"end":{"line":18,"column":52}},"6":{"start":{"line":19,"column":40},"end":{"line":19,"column":55}},"7":{"start":{"line":20,"column":23},"end":{"line":20,"column":51}},"8":{"start":{"line":21,"column":23},"end":{"line":21,"column":41}},"9":{"start":{"line":23,"column":2},"end":{"line":43,"column":35}},"10":{"start":{"line":25,"column":4},"end":{"line":25,"column":34}},"11":{"start":{"line":28,"column":4},"end":{"line":30,"column":5}},"12":{"start":{"line":29,"column":6},"end":{"line":29,"column":13}},"13":{"start":{"line":32,"column":21},"end":{"line":32,"column":69}},"14":{"start":{"line":33,"column":4},"end":{"line":42,"column":5}},"15":{"start":{"line":34,"column":35},"end":{"line":38,"column":8}},"16":{"start":{"line":40,"column":6},"end":{"line":40,"column":45}},"17":{"start":{"line":40,"column":24},"end":{"line":40,"column":43}},"18":{"start":{"line":41,"column":6},"end":{"line":41,"column":43}},"19":{"start":{"line":45,"column":2},"end":{"line":50,"column":20}},"20":{"start":{"line":47,"column":4},"end":{"line":49,"column":5}},"21":{"start":{"line":48,"column":6},"end":{"line":48,"column":73}},"22":{"start":{"line":52,"column":2},"end":{"line":57,"column":35}},"23":{"start":{"line":54,"column":4},"end":{"line":56,"column":5}},"24":{"start":{"line":55,"column":6},"end":{"line":55,"column":27}},"25":{"start":{"line":59,"column":33},"end":{"line":79,"column":3}},"26":{"start":{"line":60,"column":4},"end":{"line":62,"column":5}},"27":{"start":{"line":61,"column":6},"end":{"line":61,"column":67}},"28":{"start":{"line":64,"column":4},"end":{"line":78,"column":6}},"29":{"start":{"line":67,"column":10},"end":{"line":68,"column":null}},"30":{"start":{"line":81,"column":26},"end":{"line":88,"column":3}},"31":{"start":{"line":82,"column":4},"end":{"line":87,"column":5}},"32":{"start":{"line":83,"column":6},"end":{"line":83,"column":55}},"33":{"start":{"line":86,"column":6},"end":{"line":86,"column":44}},"34":{"start":{"line":90,"column":2},"end":{"line":107,"column":4}}},"fnMap":{"0":{"name":"StreamingView","decl":{"start":{"line":16,"column":24},"end":{"line":16,"column":37}},"loc":{"start":{"line":16,"column":83},"end":{"line":108,"column":1}}},"1":{"name":"(anonymous_1)","decl":{"start":{"line":23,"column":12},"end":{"line":23,"column":15}},"loc":{"start":{"line":23,"column":17},"end":{"line":43,"column":3}}},"2":{"name":"(anonymous_2)","decl":{"start":{"line":40,"column":16},"end":{"line":40,"column":20}},"loc":{"start":{"line":40,"column":24},"end":{"line":40,"column":43}}},"3":{"name":"(anonymous_3)","decl":{"start":{"line":45,"column":12},"end":{"line":45,"column":15}},"loc":{"start":{"line":45,"column":17},"end":{"line":50,"column":3}}},"4":{"name":"(anonymous_4)","decl":{"start":{"line":52,"column":12},"end":{"line":52,"column":15}},"loc":{"start":{"line":52,"column":17},"end":{"line":57,"column":3}}},"5":{"name":"(anonymous_5)","decl":{"start":{"line":59,"column":33},"end":{"line":59,"column":36}},"loc":{"start":{"line":59,"column":38},"end":{"line":79,"column":3}}},"6":{"name":"(anonymous_6)","decl":{"start":{"line":66,"column":20},"end":{"line":66,"column":21}},"loc":{"start":{"line":67,"column":10},"end":{"line":68,"column":null}}},"7":{"name":"(anonymous_7)","decl":{"start":{"line":81,"column":26},"end":{"line":81,"column":31}},"loc":{"start":{"line":81,"column":37},"end":{"line":88,"column":3}}}},"branchMap":{"0":{"loc":{"start":{"line":16,"column":55},"end":{"line":16,"column":74}},"type":"default-arg","locations":[{"start":{"line":16,"column":69},"end":{"line":16,"column":74}}]},"1":{"loc":{"start":{"line":28,"column":4},"end":{"line":30,"column":5}},"type":"if","locations":[{"start":{"line":28,"column":4},"end":{"line":30,"column":5}}]},"2":{"loc":{"start":{"line":33,"column":4},"end":{"line":42,"column":5}},"type":"if","locations":[{"start":{"line":33,"column":4},"end":{"line":42,"column":5}}]},"3":{"loc":{"start":{"line":36,"column":16},"end":{"line":36,"column":76}},"type":"binary-expr","locations":[{"start":{"line":36,"column":16},"end":{"line":36,"column":45}},{"start":{"line":36,"column":49},"end":{"line":36,"column":76}}]},"4":{"loc":{"start":{"line":47,"column":4},"end":{"line":49,"column":5}},"type":"if","locations":[{"start":{"line":47,"column":4},"end":{"line":49,"column":5}}]},"5":{"loc":{"start":{"line":54,"column":4},"end":{"line":56,"column":5}},"type":"if","locations":[{"start":{"line":54,"column":4},"end":{"line":56,"column":5}}]},"6":{"loc":{"start":{"line":54,"column":8},"end":{"line":54,"column":37}},"type":"binary-expr","locations":[{"start":{"line":54,"column":8},"end":{"line":54,"column":20}},{"start":{"line":54,"column":24},"end":{"line":54,"column":37}}]},"7":{"loc":{"start":{"line":60,"column":4},"end":{"line":62,"column":5}},"type":"if","locations":[{"start":{"line":60,"column":4},"end":{"line":62,"column":5}}]},"8":{"loc":{"start":{"line":69,"column":32},"end":{"line":69,"column":74}},"type":"cond-expr","locations":[{"start":{"line":69,"column":47},"end":{"line":69,"column":59}},{"start":{"line":69,"column":62},"end":{"line":69,"column":74}}]},"9":{"loc":{"start":{"line":94,"column":11},"end":{"line":94,"column":65}},"type":"cond-expr","locations":[{"start":{"line":94,"column":25},"end":{"line":94,"column":44}},{"start":{"line":94,"column":47},"end":{"line":94,"column":65}}]},"10":{"loc":{"start":{"line":96,"column":9},"end":{"line":99,"column":null}},"type":"binary-expr","locations":[{"start":{"line":96,"column":9},"end":{"line":96,"column":20}},{"start":{"line":97,"column":10},"end":{"line":97,"column":null}}]},"11":{"loc":{"start":{"line":101,"column":9},"end":{"line":101,"column":97}},"type":"binary-expr","locations":[{"start":{"line":101,"column":9},"end":{"line":101,"column":21}},{"start":{"line":101,"column":25},"end":{"line":101,"column":36}},{"start":{"line":101,"column":40},"end":{"line":101,"column":97}}]}},"s":{"0":2,"1":2,"2":2,"3":2,"4":84,"5":84,"6":84,"7":84,"8":84,"9":84,"10":39,"11":39,"12":24,"13":15,"14":15,"15":5,"16":5,"17":6,"18":5,"19":84,"20":26,"21":26,"22":84,"23":39,"24":3,"25":84,"26":84,"27":44,"28":40,"29":4,"30":84,"31":0,"32":0,"33":0,"34":84},"f":{"0":84,"1":39,"2":6,"3":26,"4":39,"5":84,"6":4,"7":0},"b":{"0":[0],"1":[24],"2":[5],"3":[5,5],"4":[26],"5":[3],"6":[39,24],"7":[44],"8":[0,4],"9":[6,78],"10":[84,40],"11":[84,44,8]}}
,"/Users/fuaadabdullah/ForgeMonorepo/apps/goblin-assistant/src/components/task-execution/TaskControls.tsx": {"path":"/Users/fuaadabdullah/ForgeMonorepo/apps/goblin-assistant/src/components/task-execution/TaskControls.tsx","statementMap":{"0":{"start":{"line":1,"column":0},"end":{"line":1,"column":26}},"1":{"start":{"line":2,"column":0},"end":{"line":2,"column":31}},"2":{"start":{"line":17,"column":45},"end":{"line":83,"column":1}},"3":{"start":{"line":29,"column":2},"end":{"line":82,"column":4}},"4":{"start":{"line":36,"column":27},"end":{"line":36,"column":60}},"5":{"start":{"line":42,"column":14},"end":{"line":42,"column":38}},"6":{"start":{"line":53,"column":27},"end":{"line":53,"column":50}},"7":{"start":{"line":17,"column":13},"end":{"line":17,"column":45}}},"fnMap":{"0":{"name":"(anonymous_0)","decl":{"start":{"line":17,"column":45},"end":{"line":17,"column":46}},"loc":{"start":{"line":28,"column":5},"end":{"line":83,"column":1}}},"1":{"name":"(anonymous_1)","decl":{"start":{"line":36,"column":22},"end":{"line":36,"column":23}},"loc":{"start":{"line":36,"column":27},"end":{"line":36,"column":60}}},"2":{"name":"(anonymous_2)","decl":{"start":{"line":41,"column":25},"end":{"line":41,"column":31}},"loc":{"start":{"line":42,"column":14},"end":{"line":42,"column":38}}},"3":{"name":"(anonymous_3)","decl":{"start":{"line":53,"column":22},"end":{"line":53,"column":23}},"loc":{"start":{"line":53,"column":27},"end":{"line":53,"column":50}}}},"branchMap":{"0":{"loc":{"start":{"line":64,"column":22},"end":{"line":64,"column":79}},"type":"binary-expr","locations":[{"start":{"line":64,"column":22},"end":{"line":64,"column":33}},{"start":{"line":64,"column":37},"end":{"line":64,"column":44}},{"start":{"line":64,"column":48},"end":{"line":64,"column":63}},{"start":{"line":64,"column":67},"end":{"line":64,"column":79}}]},"1":{"loc":{"start":{"line":70,"column":11},"end":{"line":73,"column":null}},"type":"binary-expr","locations":[{"start":{"line":70,"column":11},"end":{"line":70,"column":22}},{"start":{"line":71,"column":12},"end":{"line":71,"column":null}}]}},"s":{"0":1,"1":1,"2":1,"3":2,"4":0,"5":2,"6":0,"7":1},"f":{"0":2,"1":0,"2":2,"3":0},"b":{"0":[2,1,1,1],"1":[2,1]}}
,"/Users/fuaadabdullah/ForgeMonorepo/apps/goblin-assistant/src/components/task-execution/TaskOutput.tsx": {"path":"/Users/fuaadabdullah/ForgeMonorepo/apps/goblin-assistant/src/components/task-execution/TaskOutput.tsx","statementMap":{"0":{"start":{"line":1,"column":0},"end":{"line":1,"column":26}},"1":{"start":{"line":9,"column":43},"end":{"line":39,"column":1}},"2":{"start":{"line":10,"column":2},"end":{"line":10,"column":45}},"3":{"start":{"line":10,"column":33},"end":{"line":10,"column":45}},"4":{"start":{"line":12,"column":2},"end":{"line":38,"column":4}},"5":{"start":{"line":26,"column":10},"end":{"line":26,"column":27}},"6":{"start":{"line":9,"column":13},"end":{"line":9,"column":43}}},"fnMap":{"0":{"name":"(anonymous_0)","decl":{"start":{"line":9,"column":43},"end":{"line":9,"column":44}},"loc":{"start":{"line":9,"column":77},"end":{"line":39,"column":1}}},"1":{"name":"(anonymous_1)","decl":{"start":{"line":25,"column":26},"end":{"line":25,"column":27}},"loc":{"start":{"line":26,"column":10},"end":{"line":26,"column":27}}}},"branchMap":{"0":{"loc":{"start":{"line":10,"column":2},"end":{"line":10,"column":45}},"type":"if","locations":[{"start":{"line":10,"column":2},"end":{"line":10,"column":45}}]},"1":{"loc":{"start":{"line":16,"column":9},"end":{"line":20,"column":null}},"type":"binary-expr","locations":[{"start":{"line":16,"column":9},"end":{"line":16,"column":20}},{"start":{"line":17,"column":10},"end":{"line":18,"column":null}}]},"2":{"loc":{"start":{"line":27,"column":13},"end":{"line":27,"column":32}},"type":"binary-expr","locations":[{"start":{"line":27,"column":13},"end":{"line":27,"column":26}},{"start":{"line":27,"column":30},"end":{"line":27,"column":32}}]},"3":{"loc":{"start":{"line":28,"column":13},"end":{"line":32,"column":null}},"type":"binary-expr","locations":[{"start":{"line":28,"column":13},"end":{"line":28,"column":23}},{"start":{"line":29,"column":14},"end":{"line":31,"column":null}}]}},"s":{"0":1,"1":1,"2":1,"3":0,"4":1,"5":2,"6":1},"f":{"0":1,"1":2},"b":{"0":[0],"1":[1,0],"2":[2,0],"3":[2,1]}}
,"/Users/fuaadabdullah/ForgeMonorepo/apps/goblin-assistant/src/components/ui/Alert.tsx": {"path":"/Users/fuaadabdullah/ForgeMonorepo/apps/goblin-assistant/src/components/ui/Alert.tsx","statementMap":{"0":{"start":{"line":50,"column":0},"end":{"line":50,"column":24}},"1":{"start":{"line":2,"column":0},"end":{"line":2,"column":38}},"2":{"start":{"line":19,"column":4},"end":{"line":44,"column":2}},"3":{"start":{"line":59,"column":17},"end":{"line":59,"column":39}},"4":{"start":{"line":60,"column":22},"end":{"line":60,"column":41}},"5":{"start":{"line":61,"column":43},"end":{"line":61,"column":88}},"6":{"start":{"line":63,"column":2},"end":{"line":85,"column":4}}},"fnMap":{"0":{"name":"Alert","decl":{"start":{"line":50,"column":24},"end":{"line":50,"column":29}},"loc":{"start":{"line":58,"column":13},"end":{"line":86,"column":1}}}},"branchMap":{"0":{"loc":{"start":{"line":51,"column":2},"end":{"line":51,"column":18}},"type":"default-arg","locations":[{"start":{"line":51,"column":12},"end":{"line":51,"column":18}}]},"1":{"loc":{"start":{"line":54,"column":2},"end":{"line":54,"column":21}},"type":"default-arg","locations":[{"start":{"line":54,"column":16},"end":{"line":54,"column":21}}]},"2":{"loc":{"start":{"line":57,"column":2},"end":{"line":57,"column":16}},"type":"default-arg","locations":[{"start":{"line":57,"column":14},"end":{"line":57,"column":16}}]},"3":{"loc":{"start":{"line":60,"column":22},"end":{"line":60,"column":41}},"type":"binary-expr","locations":[{"start":{"line":60,"column":22},"end":{"line":60,"column":26}},{"start":{"line":60,"column":30},"end":{"line":60,"column":41}}]},"4":{"loc":{"start":{"line":61,"column":43},"end":{"line":61,"column":88}},"type":"cond-expr","locations":[{"start":{"line":61,"column":66},"end":{"line":61,"column":77}},{"start":{"line":61,"column":80},"end":{"line":61,"column":88}}]},"5":{"loc":{"start":{"line":71,"column":9},"end":{"line":71,"column":88}},"type":"binary-expr","locations":[{"start":{"line":71,"column":9},"end":{"line":71,"column":14}},{"start":{"line":71,"column":18},"end":{"line":71,"column":88}}]},"6":{"loc":{"start":{"line":74,"column":7},"end":{"line":82,"column":null}},"type":"binary-expr","locations":[{"start":{"line":74,"column":7},"end":{"line":74,"column":18}},{"start":{"line":74,"column":22},"end":{"line":74,"column":31}},{"start":{"line":75,"column":8},"end":{"line":81,"column":null}}]}},"s":{"0":2,"1":2,"2":2,"3":10,"4":10,"5":10,"6":10},"f":{"0":10},"b":{"0":[6],"1":[8],"2":[9],"3":[10,10],"4":[2,8],"5":[10,1],"6":[10,1,1]}}
,"/Users/fuaadabdullah/ForgeMonorepo/apps/goblin-assistant/src/components/ui/Badge.tsx": {"path":"/Users/fuaadabdullah/ForgeMonorepo/apps/goblin-assistant/src/components/ui/Badge.tsx","statementMap":{"0":{"start":{"line":31,"column":0},"end":{"line":31,"column":24}},"1":{"start":{"line":14,"column":52},"end":{"line":20,"column":2}},"2":{"start":{"line":22,"column":46},"end":{"line":25,"column":2}},"3":{"start":{"line":38,"column":2},"end":{"line":47,"column":4}}},"fnMap":{"0":{"name":"Badge","decl":{"start":{"line":31,"column":24},"end":{"line":31,"column":29}},"loc":{"start":{"line":37,"column":13},"end":{"line":48,"column":1}}}},"branchMap":{"0":{"loc":{"start":{"line":32,"column":2},"end":{"line":32,"column":21}},"type":"default-arg","locations":[{"start":{"line":32,"column":12},"end":{"line":32,"column":21}}]},"1":{"loc":{"start":{"line":33,"column":2},"end":{"line":33,"column":13}},"type":"default-arg","locations":[{"start":{"line":33,"column":9},"end":{"line":33,"column":13}}]},"2":{"loc":{"start":{"line":35,"column":2},"end":{"line":35,"column":16}},"type":"default-arg","locations":[{"start":{"line":35,"column":14},"end":{"line":35,"column":16}}]},"3":{"loc":{"start":{"line":44,"column":7},"end":{"line":44,"column":34}},"type":"binary-expr","locations":[{"start":{"line":44,"column":7},"end":{"line":44,"column":11}},{"start":{"line":44,"column":15},"end":{"line":44,"column":34}}]}},"s":{"0":3,"1":3,"2":3,"3":17},"f":{"0":17},"b":{"0":[4],"1":[15],"2":[16],"3":[17,9]}}
,"/Users/fuaadabdullah/ForgeMonorepo/apps/goblin-assistant/src/components/ui/Button.tsx": {"path":"/Users/fuaadabdullah/ForgeMonorepo/apps/goblin-assistant/src/components/ui/Button.tsx","statementMap":{"0":{"start":{"line":33,"column":0},"end":{"line":33,"column":24}},"1":{"start":{"line":15,"column":53},"end":{"line":21,"column":2}},"2":{"start":{"line":23,"column":47},"end":{"line":27,"column":2}},"3":{"start":{"line":45,"column":4},"end":{"line":45,"column":167}},"4":{"start":{"line":46,"column":22},"end":{"line":46,"column":47}},"5":{"start":{"line":47,"column":21},"end":{"line":47,"column":73}},"6":{"start":{"line":49,"column":2},"end":{"line":59,"column":4}}},"fnMap":{"0":{"name":"Button","decl":{"start":{"line":33,"column":24},"end":{"line":33,"column":30}},"loc":{"start":{"line":43,"column":14},"end":{"line":60,"column":1}}}},"branchMap":{"0":{"loc":{"start":{"line":34,"column":2},"end":{"line":34,"column":21}},"type":"default-arg","locations":[{"start":{"line":34,"column":12},"end":{"line":34,"column":21}}]},"1":{"loc":{"start":{"line":35,"column":2},"end":{"line":35,"column":13}},"type":"default-arg","locations":[{"start":{"line":35,"column":9},"end":{"line":35,"column":13}}]},"2":{"loc":{"start":{"line":36,"column":2},"end":{"line":36,"column":19}},"type":"default-arg","locations":[{"start":{"line":36,"column":14},"end":{"line":36,"column":19}}]},"3":{"loc":{"start":{"line":38,"column":2},"end":{"line":38,"column":17}},"type":"default-arg","locations":[{"start":{"line":38,"column":12},"end":{"line":38,"column":17}}]},"4":{"loc":{"start":{"line":40,"column":2},"end":{"line":40,"column":16}},"type":"default-arg","locations":[{"start":{"line":40,"column":14},"end":{"line":40,"column":16}}]},"5":{"loc":{"start":{"line":46,"column":22},"end":{"line":46,"column":47}},"type":"cond-expr","locations":[{"start":{"line":46,"column":34},"end":{"line":46,"column":42}},{"start":{"line":46,"column":45},"end":{"line":46,"column":47}}]},"6":{"loc":{"start":{"line":47,"column":21},"end":{"line":47,"column":73}},"type":"cond-expr","locations":[{"start":{"line":47,"column":28},"end":{"line":47,"column":68}},{"start":{"line":47,"column":71},"end":{"line":47,"column":73}}]},"7":{"loc":{"start":{"line":52,"column":16},"end":{"line":52,"column":35}},"type":"binary-expr","locations":[{"start":{"line":52,"column":16},"end":{"line":52,"column":24}},{"start":{"line":52,"column":28},"end":{"line":52,"column":35}}]},"8":{"loc":{"start":{"line":55,"column":7},"end":{"line":55,"column":57}},"type":"binary-expr","locations":[{"start":{"line":55,"column":7},"end":{"line":55,"column":14}},{"start":{"line":55,"column":18},"end":{"line":55,"column":57}}]},"9":{"loc":{"start":{"line":56,"column":7},"end":{"line":56,"column":46}},"type":"binary-expr","locations":[{"start":{"line":56,"column":7},"end":{"line":56,"column":15}},{"start":{"line":56,"column":19},"end":{"line":56,"column":23}},{"start":{"line":56,"column":27},"end":{"line":56,"column":46}}]}},"s":{"0":4,"1":4,"2":4,"3":16,"4":16,"5":16,"6":16},"f":{"0":16},"b":{"0":[8],"1":[14],"2":[15],"3":[14],"4":[16],"5":[1,15],"6":[1,15],"7":[16,14],"8":[16,0],"9":[16,16,1]}}
,"/Users/fuaadabdullah/ForgeMonorepo/apps/goblin-assistant/src/components/ui/Grid.tsx": {"path":"/Users/fuaadabdullah/ForgeMonorepo/apps/goblin-assistant/src/components/ui/Grid.tsx","statementMap":{"0":{"start":{"line":19,"column":0},"end":{"line":19,"column":24}},"1":{"start":{"line":9,"column":18},"end":{"line":13,"column":2}},"2":{"start":{"line":26,"column":20},"end":{"line":26,"column":54}},"3":{"start":{"line":28,"column":2},"end":{"line":32,"column":4}}},"fnMap":{"0":{"name":"Grid","decl":{"start":{"line":19,"column":24},"end":{"line":19,"column":28}},"loc":{"start":{"line":25,"column":12},"end":{"line":33,"column":1}}}},"branchMap":{"0":{"loc":{"start":{"line":21,"column":2},"end":{"line":21,"column":12}},"type":"default-arg","locations":[{"start":{"line":21,"column":8},"end":{"line":21,"column":12}}]},"1":{"loc":{"start":{"line":22,"column":2},"end":{"line":22,"column":16}},"type":"default-arg","locations":[{"start":{"line":22,"column":12},"end":{"line":22,"column":16}}]},"2":{"loc":{"start":{"line":23,"column":2},"end":{"line":23,"column":16}},"type":"default-arg","locations":[{"start":{"line":23,"column":14},"end":{"line":23,"column":16}}]},"3":{"loc":{"start":{"line":26,"column":20},"end":{"line":26,"column":54}},"type":"cond-expr","locations":[{"start":{"line":26,"column":30},"end":{"line":26,"column":45}},{"start":{"line":26,"column":48},"end":{"line":26,"column":54}}]}},"s":{"0":2,"1":2,"2":9,"3":9},"f":{"0":9},"b":{"0":[5],"1":[7],"2":[7],"3":[7,2]}}
,"/Users/fuaadabdullah/ForgeMonorepo/apps/goblin-assistant/src/components/ui/IconButton.tsx": {"path":"/Users/fuaadabdullah/ForgeMonorepo/apps/goblin-assistant/src/components/ui/IconButton.tsx","statementMap":{"0":{"start":{"line":30,"column":0},"end":{"line":30,"column":24}},"1":{"start":{"line":13,"column":57},"end":{"line":18,"column":2}},"2":{"start":{"line":20,"column":51},"end":{"line":24,"column":2}},"3":{"start":{"line":39,"column":4},"end":{"line":39,"column":195}},"4":{"start":{"line":41,"column":2},"end":{"line":49,"column":4}}},"fnMap":{"0":{"name":"IconButton","decl":{"start":{"line":30,"column":24},"end":{"line":30,"column":34}},"loc":{"start":{"line":37,"column":18},"end":{"line":50,"column":1}}}},"branchMap":{"0":{"loc":{"start":{"line":31,"column":2},"end":{"line":31,"column":19}},"type":"default-arg","locations":[{"start":{"line":31,"column":12},"end":{"line":31,"column":19}}]},"1":{"loc":{"start":{"line":32,"column":2},"end":{"line":32,"column":13}},"type":"default-arg","locations":[{"start":{"line":32,"column":9},"end":{"line":32,"column":13}}]},"2":{"loc":{"start":{"line":34,"column":2},"end":{"line":34,"column":16}},"type":"default-arg","locations":[{"start":{"line":34,"column":14},"end":{"line":34,"column":16}}]}},"s":{"0":3,"1":3,"2":3,"3":6,"4":6},"f":{"0":6},"b":{"0":[5],"1":[5],"2":[4]}}
,"/Users/fuaadabdullah/ForgeMonorepo/apps/goblin-assistant/src/components/ui/Tooltip.tsx": {"path":"/Users/fuaadabdullah/ForgeMonorepo/apps/goblin-assistant/src/components/ui/Tooltip.tsx","statementMap":{"0":{"start":{"line":21,"column":0},"end":{"line":21,"column":24}},"1":{"start":{"line":1,"column":0},"end":{"line":1,"column":68}},"2":{"start":{"line":27,"column":36},"end":{"line":27,"column":51}},"3":{"start":{"line":28,"column":42},"end":{"line":28,"column":57}},"4":{"start":{"line":29,"column":21},"end":{"line":29,"column":48}},"5":{"start":{"line":30,"column":20},"end":{"line":30,"column":80}},"6":{"start":{"line":32,"column":22},"end":{"line":38,"column":3}},"7":{"start":{"line":33,"column":4},"end":{"line":37,"column":14}},"8":{"start":{"line":34,"column":6},"end":{"line":34,"column":28}},"9":{"start":{"line":36,"column":6},"end":{"line":36,"column":54}},"10":{"start":{"line":36,"column":34},"end":{"line":36,"column":52}},"11":{"start":{"line":40,"column":22},"end":{"line":47,"column":3}},"12":{"start":{"line":41,"column":4},"end":{"line":43,"column":5}},"13":{"start":{"line":42,"column":6},"end":{"line":42,"column":39}},"14":{"start":{"line":44,"column":4},"end":{"line":44,"column":24}},"15":{"start":{"line":46,"column":4},"end":{"line":46,"column":50}},"16":{"start":{"line":46,"column":21},"end":{"line":46,"column":43}},"17":{"start":{"line":49,"column":2},"end":{"line":55,"column":9}},"18":{"start":{"line":50,"column":4},"end":{"line":54,"column":6}},"19":{"start":{"line":51,"column":6},"end":{"line":53,"column":7}},"20":{"start":{"line":52,"column":8},"end":{"line":52,"column":41}},"21":{"start":{"line":57,"column":26},"end":{"line":62,"column":4}},"22":{"start":{"line":64,"column":2},"end":{"line":101,"column":4}}},"fnMap":{"0":{"name":"Tooltip","decl":{"start":{"line":21,"column":24},"end":{"line":21,"column":31}},"loc":{"start":{"line":26,"column":15},"end":{"line":102,"column":1}}},"1":{"name":"(anonymous_1)","decl":{"start":{"line":32,"column":22},"end":{"line":32,"column":25}},"loc":{"start":{"line":32,"column":27},"end":{"line":38,"column":3}}},"2":{"name":"(anonymous_2)","decl":{"start":{"line":33,"column":43},"end":{"line":33,"column":46}},"loc":{"start":{"line":33,"column":48},"end":{"line":37,"column":5}}},"3":{"name":"(anonymous_3)","decl":{"start":{"line":36,"column":28},"end":{"line":36,"column":31}},"loc":{"start":{"line":36,"column":34},"end":{"line":36,"column":52}}},"4":{"name":"(anonymous_4)","decl":{"start":{"line":40,"column":22},"end":{"line":40,"column":25}},"loc":{"start":{"line":40,"column":27},"end":{"line":47,"column":3}}},"5":{"name":"(anonymous_5)","decl":{"start":{"line":46,"column":15},"end":{"line":46,"column":18}},"loc":{"start":{"line":46,"column":21},"end":{"line":46,"column":43}}},"6":{"name":"(anonymous_6)","decl":{"start":{"line":49,"column":12},"end":{"line":49,"column":15}},"loc":{"start":{"line":49,"column":17},"end":{"line":55,"column":3}}},"7":{"name":"(anonymous_7)","decl":{"start":{"line":50,"column":11},"end":{"line":50,"column":14}},"loc":{"start":{"line":50,"column":16},"end":{"line":54,"column":5}}}},"branchMap":{"0":{"loc":{"start":{"line":24,"column":2},"end":{"line":24,"column":18}},"type":"default-arg","locations":[{"start":{"line":24,"column":13},"end":{"line":24,"column":18}}]},"1":{"loc":{"start":{"line":25,"column":2},"end":{"line":25,"column":13}},"type":"default-arg","locations":[{"start":{"line":25,"column":10},"end":{"line":25,"column":13}}]},"2":{"loc":{"start":{"line":41,"column":4},"end":{"line":43,"column":5}},"type":"if","locations":[{"start":{"line":41,"column":4},"end":{"line":43,"column":5}}]},"3":{"loc":{"start":{"line":51,"column":6},"end":{"line":53,"column":7}},"type":"if","locations":[{"start":{"line":51,"column":6},"end":{"line":53,"column":7}}]},"4":{"loc":{"start":{"line":72,"column":29},"end":{"line":72,"column":70}},"type":"cond-expr","locations":[{"start":{"line":72,"column":41},"end":{"line":72,"column":58}},{"start":{"line":72,"column":61},"end":{"line":72,"column":70}}]},"5":{"loc":{"start":{"line":74,"column":7},"end":{"line":98,"column":null}},"type":"binary-expr","locations":[{"start":{"line":74,"column":7},"end":{"line":74,"column":19}},{"start":{"line":75,"column":8},"end":{"line":97,"column":null}}]},"6":{"loc":{"start":{"line":84,"column":14},"end":{"line":84,"column":53}},"type":"cond-expr","locations":[{"start":{"line":84,"column":26},"end":{"line":84,"column":39}},{"start":{"line":84,"column":42},"end":{"line":84,"column":53}}]},"7":{"loc":{"start":{"line":92,"column":16},"end":{"line":92,"column":83}},"type":"cond-expr","locations":[{"start":{"line":92,"column":37},"end":{"line":92,"column":78}},{"start":{"line":92,"column":81},"end":{"line":92,"column":83}}]},"8":{"loc":{"start":{"line":93,"column":16},"end":{"line":93,"column":83}},"type":"cond-expr","locations":[{"start":{"line":93,"column":40},"end":{"line":93,"column":78}},{"start":{"line":93,"column":81},"end":{"line":93,"column":83}}]},"9":{"loc":{"start":{"line":94,"column":16},"end":{"line":94,"column":82}},"type":"cond-expr","locations":[{"start":{"line":94,"column":38},"end":{"line":94,"column":77}},{"start":{"line":94,"column":80},"end":{"line":94,"column":82}}]},"10":{"loc":{"start":{"line":95,"column":16},"end":{"line":95,"column":82}},"type":"cond-expr","locations":[{"start":{"line":95,"column":39},"end":{"line":95,"column":77}},{"start":{"line":95,"column":80},"end":{"line":95,"column":82}}]}},"s":{"0":3,"1":3,"2":35,"3":35,"4":35,"5":35,"6":35,"7":8,"8":8,"9":8,"10":7,"11":35,"12":3,"13":3,"14":3,"15":3,"16":3,"17":35,"18":16,"19":16,"20":7,"21":35,"22":35},"f":{"0":35,"1":8,"2":8,"3":7,"4":3,"5":3,"6":16,"7":16},"b":{"0":[20],"1":[33],"2":[3],"3":[7],"4":[9,26],"5":[35,15],"6":[5,10],"7":[14,1],"8":[1,14],"9":[0,15],"10":[0,15]}}
,"/Users/fuaadabdullah/ForgeMonorepo/apps/goblin-assistant/src/components/ui/index.ts": {"path":"/Users/fuaadabdullah/ForgeMonorepo/apps/goblin-assistant/src/components/ui/index.ts","statementMap":{"0":{"start":{"line":8,"column":0},"end":{"line":8,"column":9}},"1":{"start":{"line":8,"column":9},"end":{"line":8,"column":26}},"2":{"start":{"line":9,"column":0},"end":{"line":9,"column":9}},"3":{"start":{"line":9,"column":9},"end":{"line":9,"column":25}},"4":{"start":{"line":10,"column":0},"end":{"line":10,"column":9}},"5":{"start":{"line":10,"column":9},"end":{"line":10,"column":30}},"6":{"start":{"line":11,"column":0},"end":{"line":11,"column":9}},"7":{"start":{"line":11,"column":9},"end":{"line":11,"column":24}},"8":{"start":{"line":12,"column":0},"end":{"line":12,"column":9}},"9":{"start":{"line":12,"column":9},"end":{"line":12,"column":25}},"10":{"start":{"line":13,"column":0},"end":{"line":13,"column":9}},"11":{"start":{"line":13,"column":9},"end":{"line":13,"column":27}},"12":{"start":{"line":14,"column":0},"end":{"line":14,"column":9}},"13":{"start":{"line":14,"column":9},"end":{"line":14,"column":24}}},"fnMap":{"0":{"name":"(anonymous_0)","decl":{"start":{"line":8,"column":9},"end":{"line":8,"column":16}},"loc":{"start":{"line":8,"column":9},"end":{"line":8,"column":26}}},"1":{"name":"(anonymous_1)","decl":{"start":{"line":9,"column":9},"end":{"line":9,"column":16}},"loc":{"start":{"line":9,"column":9},"end":{"line":9,"column":25}}},"2":{"name":"(anonymous_2)","decl":{"start":{"line":10,"column":9},"end":{"line":10,"column":16}},"loc":{"start":{"line":10,"column":9},"end":{"line":10,"column":30}}},"3":{"name":"(anonymous_3)","decl":{"start":{"line":11,"column":9},"end":{"line":11,"column":16}},"loc":{"start":{"line":11,"column":9},"end":{"line":11,"column":24}}},"4":{"name":"(anonymous_4)","decl":{"start":{"line":12,"column":9},"end":{"line":12,"column":16}},"loc":{"start":{"line":12,"column":9},"end":{"line":12,"column":25}}},"5":{"name":"(anonymous_5)","decl":{"start":{"line":13,"column":9},"end":{"line":13,"column":16}},"loc":{"start":{"line":13,"column":9},"end":{"line":13,"column":27}}},"6":{"name":"(anonymous_6)","decl":{"start":{"line":14,"column":9},"end":{"line":14,"column":16}},"loc":{"start":{"line":14,"column":9},"end":{"line":14,"column":24}}}},"branchMap":{},"s":{"0":1,"1":6,"2":1,"3":1,"4":1,"5":1,"6":1,"7":1,"8":1,"9":1,"10":1,"11":1,"12":1,"13":1},"f":{"0":5,"1":0,"2":0,"3":0,"4":0,"5":0,"6":0},"b":{}}
,"/Users/fuaadabdullah/ForgeMonorepo/apps/goblin-assistant/src/hooks/useTaskExecution.ts": {"path":"/Users/fuaadabdullah/ForgeMonorepo/apps/goblin-assistant/src/hooks/useTaskExecution.ts","statementMap":{"0":{"start":{"line":1,"column":0},"end":{"line":1,"column":52}},"1":{"start":{"line":2,"column":0},"end":{"line":2,"column":48}},"2":{"start":{"line":14,"column":32},"end":{"line":144,"column":1}},"3":{"start":{"line":15,"column":32},"end":{"line":15,"column":51}},"4":{"start":{"line":16,"column":46},"end":{"line":16,"column":58}},"5":{"start":{"line":17,"column":26},"end":{"line":17,"column":38}},"6":{"start":{"line":18,"column":40},"end":{"line":18,"column":55}},"7":{"start":{"line":19,"column":34},"end":{"line":19,"column":63}},"8":{"start":{"line":20,"column":42},"end":{"line":20,"column":69}},"9":{"start":{"line":21,"column":32},"end":{"line":21,"column":47}},"10":{"start":{"line":22,"column":28},"end":{"line":22,"column":57}},"11":{"start":{"line":24,"column":20},"end":{"line":24,"column":47}},"12":{"start":{"line":25,"column":20},"end":{"line":25,"column":32}},"13":{"start":{"line":27,"column":2},"end":{"line":52,"column":9}},"14":{"start":{"line":28,"column":4},"end":{"line":28,"column":29}},"15":{"start":{"line":29,"column":24},"end":{"line":42,"column":5}},"16":{"start":{"line":30,"column":6},"end":{"line":41,"column":7}},"17":{"start":{"line":31,"column":28},"end":{"line":31,"column":56}},"18":{"start":{"line":32,"column":8},"end":{"line":32,"column":39}},"19":{"start":{"line":32,"column":32},"end":{"line":32,"column":39}},"20":{"start":{"line":33,"column":8},"end":{"line":33,"column":32}},"21":{"start":{"line":34,"column":8},"end":{"line":36,"column":9}},"22":{"start":{"line":35,"column":10},"end":{"line":35,"column":47}},"23":{"start":{"line":38,"column":8},"end":{"line":38,"column":39}},"24":{"start":{"line":38,"column":32},"end":{"line":38,"column":39}},"25":{"start":{"line":39,"column":8},"end":{"line":39,"column":43}},"26":{"start":{"line":40,"column":8},"end":{"line":40,"column":50}},"27":{"start":{"line":44,"column":4},"end":{"line":44,"column":18}},"28":{"start":{"line":46,"column":4},"end":{"line":51,"column":6}},"29":{"start":{"line":47,"column":6},"end":{"line":47,"column":32}},"30":{"start":{"line":48,"column":6},"end":{"line":50,"column":7}},"31":{"start":{"line":49,"column":8},"end":{"line":49,"column":47}},"32":{"start":{"line":54,"column":29},"end":{"line":82,"column":3}},"33":{"start":{"line":55,"column":4},"end":{"line":58,"column":5}},"34":{"start":{"line":56,"column":6},"end":{"line":56,"column":58}},"35":{"start":{"line":57,"column":6},"end":{"line":57,"column":13}},"36":{"start":{"line":60,"column":4},"end":{"line":81,"column":5}},"37":{"start":{"line":61,"column":6},"end":{"line":61,"column":23}},"38":{"start":{"line":62,"column":6},"end":{"line":62,"column":21}},"39":{"start":{"line":63,"column":6},"end":{"line":63,"column":26}},"40":{"start":{"line":64,"column":6},"end":{"line":64,"column":27}},"41":{"start":{"line":66,"column":23},"end":{"line":69,"column":8}},"42":{"start":{"line":71,"column":6},"end":{"line":71,"column":38}},"43":{"start":{"line":74,"column":6},"end":{"line":74,"column":37}},"44":{"start":{"line":76,"column":6},"end":{"line":76,"column":39}},"45":{"start":{"line":77,"column":6},"end":{"line":77,"column":28}},"46":{"start":{"line":78,"column":6},"end":{"line":78,"column":46}},"47":{"start":{"line":80,"column":6},"end":{"line":80,"column":24}},"48":{"start":{"line":84,"column":21},"end":{"line":104,"column":3}},"49":{"start":{"line":85,"column":4},"end":{"line":103,"column":5}},"50":{"start":{"line":86,"column":23},"end":{"line":86,"column":60}},"51":{"start":{"line":88,"column":6},"end":{"line":90,"column":7}},"52":{"start":{"line":89,"column":8},"end":{"line":89,"column":63}},"53":{"start":{"line":89,"column":32},"end":{"line":89,"column":61}},"54":{"start":{"line":92,"column":6},"end":{"line":98,"column":7}},"55":{"start":{"line":94,"column":8},"end":{"line":94,"column":74}},"56":{"start":{"line":94,"column":52},"end":{"line":94,"column":66}},"57":{"start":{"line":96,"column":8},"end":{"line":96,"column":30}},"58":{"start":{"line":97,"column":8},"end":{"line":97,"column":26}},"59":{"start":{"line":100,"column":6},"end":{"line":100,"column":40}},"60":{"start":{"line":101,"column":6},"end":{"line":101,"column":28}},"61":{"start":{"line":102,"column":6},"end":{"line":102,"column":47}},"62":{"start":{"line":106,"column":21},"end":{"line":122,"column":3}},"63":{"start":{"line":107,"column":4},"end":{"line":107,"column":26}},"64":{"start":{"line":107,"column":19},"end":{"line":107,"column":26}},"65":{"start":{"line":109,"column":4},"end":{"line":121,"column":5}},"66":{"start":{"line":110,"column":6},"end":{"line":110,"column":52}},"67":{"start":{"line":111,"column":6},"end":{"line":111,"column":28}},"68":{"start":{"line":112,"column":6},"end":{"line":112,"column":24}},"69":{"start":{"line":113,"column":6},"end":{"line":113,"column":88}},"70":{"start":{"line":113,"column":30},"end":{"line":113,"column":86}},"71":{"start":{"line":114,"column":6},"end":{"line":117,"column":7}},"72":{"start":{"line":115,"column":8},"end":{"line":115,"column":47}},"73":{"start":{"line":116,"column":8},"end":{"line":116,"column":33}},"74":{"start":{"line":119,"column":6},"end":{"line":119,"column":40}},"75":{"start":{"line":120,"column":6},"end":{"line":120,"column":47}},"76":{"start":{"line":124,"column":22},"end":{"line":127,"column":3}},"77":{"start":{"line":125,"column":4},"end":{"line":125,"column":24}},"78":{"start":{"line":126,"column":4},"end":{"line":126,"column":19}},"79":{"start":{"line":129,"column":2},"end":{"line":143,"column":4}},"80":{"start":{"line":142,"column":22},"end":{"line":142,"column":36}},"81":{"start":{"line":14,"column":13},"end":{"line":14,"column":32}}},"fnMap":{"0":{"name":"(anonymous_0)","decl":{"start":{"line":14,"column":32},"end":{"line":14,"column":35}},"loc":{"start":{"line":14,"column":37},"end":{"line":144,"column":1}}},"1":{"name":"(anonymous_1)","decl":{"start":{"line":27,"column":12},"end":{"line":27,"column":15}},"loc":{"start":{"line":27,"column":17},"end":{"line":52,"column":3}}},"2":{"name":"(anonymous_2)","decl":{"start":{"line":29,"column":24},"end":{"line":29,"column":29}},"loc":{"start":{"line":29,"column":35},"end":{"line":42,"column":5}}},"3":{"name":"(anonymous_3)","decl":{"start":{"line":46,"column":11},"end":{"line":46,"column":14}},"loc":{"start":{"line":46,"column":16},"end":{"line":51,"column":5}}},"4":{"name":"(anonymous_4)","decl":{"start":{"line":54,"column":29},"end":{"line":54,"column":34}},"loc":{"start":{"line":54,"column":40},"end":{"line":82,"column":3}}},"5":{"name":"(anonymous_5)","decl":{"start":{"line":84,"column":21},"end":{"line":84,"column":26}},"loc":{"start":{"line":84,"column":42},"end":{"line":104,"column":3}}},"6":{"name":"(anonymous_6)","decl":{"start":{"line":89,"column":24},"end":{"line":89,"column":28}},"loc":{"start":{"line":89,"column":32},"end":{"line":89,"column":61}}},"7":{"name":"(anonymous_7)","decl":{"start":{"line":94,"column":46},"end":{"line":94,"column":49}},"loc":{"start":{"line":94,"column":52},"end":{"line":94,"column":66}}},"8":{"name":"(anonymous_8)","decl":{"start":{"line":106,"column":21},"end":{"line":106,"column":26}},"loc":{"start":{"line":106,"column":32},"end":{"line":122,"column":3}}},"9":{"name":"(anonymous_9)","decl":{"start":{"line":113,"column":22},"end":{"line":113,"column":26}},"loc":{"start":{"line":113,"column":30},"end":{"line":113,"column":86}}},"10":{"name":"(anonymous_10)","decl":{"start":{"line":124,"column":22},"end":{"line":124,"column":25}},"loc":{"start":{"line":124,"column":27},"end":{"line":127,"column":3}}},"11":{"name":"(anonymous_11)","decl":{"start":{"line":142,"column":16},"end":{"line":142,"column":19}},"loc":{"start":{"line":142,"column":22},"end":{"line":142,"column":36}}}},"branchMap":{"0":{"loc":{"start":{"line":32,"column":8},"end":{"line":32,"column":39}},"type":"if","locations":[{"start":{"line":32,"column":8},"end":{"line":32,"column":39}}]},"1":{"loc":{"start":{"line":34,"column":8},"end":{"line":36,"column":9}},"type":"if","locations":[{"start":{"line":34,"column":8},"end":{"line":36,"column":9}}]},"2":{"loc":{"start":{"line":38,"column":8},"end":{"line":38,"column":39}},"type":"if","locations":[{"start":{"line":38,"column":8},"end":{"line":38,"column":39}}]},"3":{"loc":{"start":{"line":48,"column":6},"end":{"line":50,"column":7}},"type":"if","locations":[{"start":{"line":48,"column":6},"end":{"line":50,"column":7}}]},"4":{"loc":{"start":{"line":55,"column":4},"end":{"line":58,"column":5}},"type":"if","locations":[{"start":{"line":55,"column":4},"end":{"line":58,"column":5}}]},"5":{"loc":{"start":{"line":55,"column":8},"end":{"line":55,"column":39}},"type":"binary-expr","locations":[{"start":{"line":55,"column":8},"end":{"line":55,"column":23}},{"start":{"line":55,"column":27},"end":{"line":55,"column":39}}]},"6":{"loc":{"start":{"line":88,"column":6},"end":{"line":90,"column":7}},"type":"if","locations":[{"start":{"line":88,"column":6},"end":{"line":90,"column":7}}]},"7":{"loc":{"start":{"line":88,"column":10},"end":{"line":88,"column":55}},"type":"binary-expr","locations":[{"start":{"line":88,"column":10},"end":{"line":88,"column":25}},{"start":{"line":88,"column":29},"end":{"line":88,"column":55}}]},"8":{"loc":{"start":{"line":92,"column":6},"end":{"line":98,"column":7}},"type":"if","locations":[{"start":{"line":92,"column":6},"end":{"line":98,"column":7}},{"start":{"line":95,"column":13},"end":{"line":98,"column":7}}]},"9":{"loc":{"start":{"line":107,"column":4},"end":{"line":107,"column":26}},"type":"if","locations":[{"start":{"line":107,"column":4},"end":{"line":107,"column":26}}]},"10":{"loc":{"start":{"line":114,"column":6},"end":{"line":117,"column":7}},"type":"if","locations":[{"start":{"line":114,"column":6},"end":{"line":117,"column":7}}]}},"s":{"0":1,"1":1,"2":1,"3":5,"4":5,"5":5,"6":5,"7":5,"8":5,"9":5,"10":5,"11":5,"12":5,"13":5,"14":2,"15":2,"16":2,"17":2,"18":2,"19":0,"20":2,"21":2,"22":2,"23":0,"24":0,"25":0,"26":0,"27":2,"28":2,"29":2,"30":2,"31":1,"32":5,"33":1,"34":0,"35":0,"36":1,"37":1,"38":1,"39":1,"40":1,"41":1,"42":1,"43":1,"44":0,"45":0,"46":0,"47":1,"48":5,"49":2,"50":2,"51":2,"52":2,"53":2,"54":2,"55":1,"56":1,"57":1,"58":1,"59":0,"60":0,"61":0,"62":5,"63":0,"64":0,"65":0,"66":0,"67":0,"68":0,"69":0,"70":0,"71":0,"72":0,"73":0,"74":0,"75":0,"76":5,"77":0,"78":0,"79":5,"80":0,"81":1},"f":{"0":5,"1":2,"2":2,"3":2,"4":1,"5":2,"6":2,"7":1,"8":0,"9":0,"10":0,"11":0},"b":{"0":[0],"1":[2],"2":[0],"3":[1],"4":[0],"5":[1,1],"6":[2],"7":[2,2],"8":[1,1],"9":[0],"10":[0]}}
,"/Users/fuaadabdullah/ForgeMonorepo/apps/goblin-assistant/src/pages/GoblinDemo.tsx": {"path":"/Users/fuaadabdullah/ForgeMonorepo/apps/goblin-assistant/src/pages/GoblinDemo.tsx","statementMap":{"0":{"start":{"line":41,"column":0},"end":{"line":41,"column":24}},"1":{"start":{"line":1,"column":0},"end":{"line":1,"column":51}},"2":{"start":{"line":2,"column":0},"end":{"line":2,"column":26}},"3":{"start":{"line":3,"column":0},"end":{"line":3,"column":65}},"4":{"start":{"line":4,"column":0},"end":{"line":4,"column":68}},"5":{"start":{"line":18,"column":32},"end":{"line":39,"column":2}},"6":{"start":{"line":42,"column":36},"end":{"line":43,"column":null}},"7":{"start":{"line":45,"column":44},"end":{"line":46,"column":null}},"8":{"start":{"line":48,"column":44},"end":{"line":48,"column":64}},"9":{"start":{"line":49,"column":32},"end":{"line":49,"column":56}},"10":{"start":{"line":50,"column":26},"end":{"line":50,"column":66}},"11":{"start":{"line":51,"column":40},"end":{"line":51,"column":80}},"12":{"start":{"line":52,"column":44},"end":{"line":52,"column":63}},"13":{"start":{"line":53,"column":42},"end":{"line":53,"column":78}},"14":{"start":{"line":54,"column":36},"end":{"line":54,"column":72}},"15":{"start":{"line":55,"column":38},"end":{"line":55,"column":74}},"16":{"start":{"line":56,"column":38},"end":{"line":58,"column":7}},"17":{"start":{"line":59,"column":50},"end":{"line":59,"column":85}},"18":{"start":{"line":60,"column":44},"end":{"line":60,"column":81}},"19":{"start":{"line":61,"column":40},"end":{"line":61,"column":64}},"20":{"start":{"line":62,"column":50},"end":{"line":62,"column":87}},"21":{"start":{"line":63,"column":52},"end":{"line":63,"column":76}},"22":{"start":{"line":66,"column":27},"end":{"line":66,"column":79}},"23":{"start":{"line":66,"column":34},"end":{"line":66,"column":78}},"24":{"start":{"line":67,"column":2},"end":{"line":74,"column":22}},"25":{"start":{"line":68,"column":4},"end":{"line":73,"column":5}},"26":{"start":{"line":69,"column":6},"end":{"line":69,"column":29}},"27":{"start":{"line":71,"column":6},"end":{"line":71,"column":27}},"28":{"start":{"line":72,"column":6},"end":{"line":72,"column":26}},"29":{"start":{"line":76,"column":31},"end":{"line":99,"column":3}},"30":{"start":{"line":77,"column":4},"end":{"line":80,"column":7}},"31":{"start":{"line":82,"column":4},"end":{"line":98,"column":5}},"32":{"start":{"line":83,"column":21},"end":{"line":83,"column":39}},"33":{"start":{"line":84,"column":19},"end":{"line":84,"column":76}},"34":{"start":{"line":85,"column":6},"end":{"line":88,"column":9}},"35":{"start":{"line":89,"column":6},"end":{"line":89,"column":27}},"36":{"start":{"line":92,"column":24},"end":{"line":92,"column":48}},"37":{"start":{"line":93,"column":6},"end":{"line":93,"column":34}},"38":{"start":{"line":95,"column":6},"end":{"line":95,"column":73}},"39":{"start":{"line":96,"column":6},"end":{"line":96,"column":27}},"40":{"start":{"line":97,"column":6},"end":{"line":97,"column":26}},"41":{"start":{"line":101,"column":31},"end":{"line":110,"column":3}},"42":{"start":{"line":102,"column":4},"end":{"line":102,"column":94}},"43":{"start":{"line":104,"column":4},"end":{"line":104,"column":38}},"44":{"start":{"line":105,"column":21},"end":{"line":105,"column":79}},"45":{"start":{"line":105,"column":55},"end":{"line":105,"column":78}},"46":{"start":{"line":106,"column":4},"end":{"line":109,"column":5}},"47":{"start":{"line":107,"column":6},"end":{"line":107,"column":74}},"48":{"start":{"line":108,"column":6},"end":{"line":108,"column":39}},"49":{"start":{"line":112,"column":14},"end":{"line":269,"column":3}},"50":{"start":{"line":113,"column":4},"end":{"line":117,"column":7}},"51":{"start":{"line":119,"column":4},"end":{"line":119,"column":25}},"52":{"start":{"line":120,"column":4},"end":{"line":120,"column":21}},"53":{"start":{"line":121,"column":4},"end":{"line":121,"column":25}},"54":{"start":{"line":122,"column":4},"end":{"line":122,"column":32}},"55":{"start":{"line":125,"column":20},"end":{"line":132,"column":13}},"56":{"start":{"line":126,"column":6},"end":{"line":131,"column":7}},"57":{"start":{"line":127,"column":8},"end":{"line":127,"column":89}},"58":{"start":{"line":128,"column":8},"end":{"line":128,"column":35}},"59":{"start":{"line":129,"column":8},"end":{"line":129,"column":30}},"60":{"start":{"line":130,"column":8},"end":{"line":130,"column":33}},"61":{"start":{"line":134,"column":4},"end":{"line":134,"column":33}},"62":{"start":{"line":137,"column":19},"end":{"line":137,"column":25}},"63":{"start":{"line":138,"column":4},"end":{"line":138,"column":18}},"64":{"start":{"line":139,"column":4},"end":{"line":139,"column":24}},"65":{"start":{"line":140,"column":4},"end":{"line":140,"column":21}},"66":{"start":{"line":141,"column":4},"end":{"line":141,"column":22}},"67":{"start":{"line":143,"column":4},"end":{"line":268,"column":5}},"68":{"start":{"line":144,"column":21},"end":{"line":144,"column":39}},"69":{"start":{"line":145,"column":6},"end":{"line":145,"column":57}},"70":{"start":{"line":146,"column":21},"end":{"line":146,"column":75}},"71":{"start":{"line":147,"column":6},"end":{"line":150,"column":9}},"72":{"start":{"line":151,"column":6},"end":{"line":151,"column":22}},"73":{"start":{"line":153,"column":6},"end":{"line":159,"column":7}},"74":{"start":{"line":154,"column":8},"end":{"line":154,"column":51}},"75":{"start":{"line":155,"column":8},"end":{"line":155,"column":65}},"76":{"start":{"line":155,"column":40},"end":{"line":155,"column":63}},"77":{"start":{"line":156,"column":8},"end":{"line":156,"column":26}},"78":{"start":{"line":157,"column":8},"end":{"line":157,"column":30}},"79":{"start":{"line":158,"column":8},"end":{"line":158,"column":15}},"80":{"start":{"line":161,"column":6},"end":{"line":248,"column":7}},"81":{"start":{"line":162,"column":8},"end":{"line":166,"column":11}},"82":{"start":{"line":168,"column":8},"end":{"line":168,"column":95}},"83":{"start":{"line":168,"column":59},"end":{"line":168,"column":92}},"84":{"start":{"line":170,"column":8},"end":{"line":247,"column":9}},"85":{"start":{"line":171,"column":10},"end":{"line":171,"column":84}},"86":{"start":{"line":172,"column":10},"end":{"line":227,"column":12}},"87":{"start":{"line":176,"column":14},"end":{"line":181,"column":17}},"88":{"start":{"line":184,"column":14},"end":{"line":187,"column":15}},"89":{"start":{"line":185,"column":16},"end":{"line":185,"column":47}},"90":{"start":{"line":186,"column":16},"end":{"line":186,"column":42}},"91":{"start":{"line":189,"column":32},"end":{"line":189,"column":70}},"92":{"start":{"line":190,"column":14},"end":{"line":190,"column":68}},"93":{"start":{"line":190,"column":46},"end":{"line":190,"column":66}},"94":{"start":{"line":191,"column":34},"end":{"line":191,"column":99}},"95":{"start":{"line":192,"column":33},"end":{"line":192,"column":96}},"96":{"start":{"line":193,"column":14},"end":{"line":198,"column":15}},"97":{"start":{"line":194,"column":16},"end":{"line":197,"column":20}},"98":{"start":{"line":194,"column":65},"end":{"line":197,"column":18}},"99":{"start":{"line":199,"column":14},"end":{"line":207,"column":15}},"100":{"start":{"line":200,"column":16},"end":{"line":206,"column":20}},"101":{"start":{"line":200,"column":39},"end":{"line":206,"column":18}},"102":{"start":{"line":210,"column":14},"end":{"line":216,"column":17}},"103":{"start":{"line":217,"column":14},"end":{"line":220,"column":16}},"104":{"start":{"line":219,"column":18},"end":{"line":219,"column":89}},"105":{"start":{"line":221,"column":24},"end":{"line":221,"column":77}},"106":{"start":{"line":222,"column":14},"end":{"line":222,"column":90}},"107":{"start":{"line":222,"column":62},"end":{"line":222,"column":87}},"108":{"start":{"line":229,"column":10},"end":{"line":229,"column":99}},"109":{"start":{"line":229,"column":61},"end":{"line":229,"column":96}},"110":{"start":{"line":231,"column":10},"end":{"line":231,"column":62}},"111":{"start":{"line":232,"column":10},"end":{"line":236,"column":12}},"112":{"start":{"line":234,"column":14},"end":{"line":235,"column":126}},"113":{"start":{"line":239,"column":10},"end":{"line":244,"column":11}},"114":{"start":{"line":240,"column":12},"end":{"line":240,"column":39}},"115":{"start":{"line":241,"column":12},"end":{"line":241,"column":34}},"116":{"start":{"line":242,"column":12},"end":{"line":242,"column":43}},"117":{"start":{"line":243,"column":12},"end":{"line":243,"column":18}},"118":{"start":{"line":246,"column":10},"end":{"line":246,"column":96}},"119":{"start":{"line":246,"column":61},"end":{"line":246,"column":93}},"120":{"start":{"line":250,"column":6},"end":{"line":250,"column":50}},"121":{"start":{"line":251,"column":6},"end":{"line":253,"column":8}},"122":{"start":{"line":252,"column":23},"end":{"line":252,"column":89}},"123":{"start":{"line":256,"column":6},"end":{"line":260,"column":7}},"124":{"start":{"line":257,"column":8},"end":{"line":257,"column":35}},"125":{"start":{"line":258,"column":8},"end":{"line":258,"column":30}},"126":{"start":{"line":259,"column":8},"end":{"line":259,"column":39}},"127":{"start":{"line":262,"column":6},"end":{"line":262,"column":24}},"128":{"start":{"line":263,"column":6},"end":{"line":263,"column":28}},"129":{"start":{"line":264,"column":6},"end":{"line":267,"column":7}},"130":{"start":{"line":265,"column":8},"end":{"line":265,"column":39}},"131":{"start":{"line":266,"column":8},"end":{"line":266,"column":34}},"132":{"start":{"line":271,"column":33},"end":{"line":294,"column":3}},"133":{"start":{"line":272,"column":4},"end":{"line":293,"column":5}},"134":{"start":{"line":273,"column":6},"end":{"line":273,"column":92}},"135":{"start":{"line":273,"column":38},"end":{"line":273,"column":90}},"136":{"start":{"line":276,"column":21},"end":{"line":276,"column":39}},"137":{"start":{"line":277,"column":21},"end":{"line":283,"column":null}},"138":{"start":{"line":286,"column":6},"end":{"line":286,"column":74}},"139":{"start":{"line":286,"column":38},"end":{"line":286,"column":72}},"140":{"start":{"line":288,"column":6},"end":{"line":292,"column":8}},"141":{"start":{"line":290,"column":10},"end":{"line":291,"column":117}},"142":{"start":{"line":296,"column":2},"end":{"line":488,"column":4}},"143":{"start":{"line":305,"column":67},"end":{"line":305,"column":95}},"144":{"start":{"line":321,"column":25},"end":{"line":321,"column":61}},"145":{"start":{"line":327,"column":12},"end":{"line":328,"column":null}},"146":{"start":{"line":346,"column":64},"end":{"line":346,"column":96}},"147":{"start":{"line":369,"column":16},"end":{"line":369,"column":34}},"148":{"start":{"line":388,"column":27},"end":{"line":388,"column":32}},"149":{"start":{"line":414,"column":73},"end":{"line":414,"column":78}},"150":{"start":{"line":422,"column":16},"end":{"line":423,"column":null}},"151":{"start":{"line":424,"column":33},"end":{"line":424,"column":93}},"152":{"start":{"line":424,"column":59},"end":{"line":424,"column":91}},"153":{"start":{"line":449,"column":30},"end":{"line":449,"column":76}}},"fnMap":{"0":{"name":"GoblinDemo","decl":{"start":{"line":41,"column":24},"end":{"line":41,"column":34}},"loc":{"start":{"line":41,"column":79},"end":{"line":489,"column":1}}},"1":{"name":"(anonymous_1)","decl":{"start":{"line":66,"column":27},"end":{"line":66,"column":30}},"loc":{"start":{"line":66,"column":34},"end":{"line":66,"column":78}}},"2":{"name":"(anonymous_2)","decl":{"start":{"line":67,"column":12},"end":{"line":67,"column":15}},"loc":{"start":{"line":67,"column":17},"end":{"line":74,"column":3}}},"3":{"name":"(anonymous_3)","decl":{"start":{"line":76,"column":31},"end":{"line":76,"column":36}},"loc":{"start":{"line":76,"column":42},"end":{"line":99,"column":3}}},"4":{"name":"(anonymous_4)","decl":{"start":{"line":101,"column":31},"end":{"line":101,"column":32}},"loc":{"start":{"line":101,"column":56},"end":{"line":110,"column":3}}},"5":{"name":"(anonymous_5)","decl":{"start":{"line":105,"column":50},"end":{"line":105,"column":51}},"loc":{"start":{"line":105,"column":55},"end":{"line":105,"column":78}}},"6":{"name":"(anonymous_6)","decl":{"start":{"line":112,"column":14},"end":{"line":112,"column":19}},"loc":{"start":{"line":112,"column":25},"end":{"line":269,"column":3}}},"7":{"name":"(anonymous_7)","decl":{"start":{"line":125,"column":31},"end":{"line":125,"column":34}},"loc":{"start":{"line":125,"column":36},"end":{"line":132,"column":5}}},"8":{"name":"(anonymous_8)","decl":{"start":{"line":155,"column":25},"end":{"line":155,"column":26}},"loc":{"start":{"line":155,"column":40},"end":{"line":155,"column":63}}},"9":{"name":"(anonymous_9)","decl":{"start":{"line":168,"column":24},"end":{"line":168,"column":25}},"loc":{"start":{"line":168,"column":59},"end":{"line":168,"column":92}}},"10":{"name":"(anonymous_10)","decl":{"start":{"line":175,"column":12},"end":{"line":175,"column":13}},"loc":{"start":{"line":175,"column":35},"end":{"line":208,"column":13}}},"11":{"name":"(anonymous_11)","decl":{"start":{"line":190,"column":31},"end":{"line":190,"column":32}},"loc":{"start":{"line":190,"column":46},"end":{"line":190,"column":66}}},"12":{"name":"(anonymous_12)","decl":{"start":{"line":194,"column":30},"end":{"line":194,"column":31}},"loc":{"start":{"line":194,"column":65},"end":{"line":197,"column":18}}},"13":{"name":"(anonymous_13)","decl":{"start":{"line":200,"column":30},"end":{"line":200,"column":34}},"loc":{"start":{"line":200,"column":39},"end":{"line":206,"column":18}}},"14":{"name":"(anonymous_14)","decl":{"start":{"line":209,"column":12},"end":{"line":209,"column":13}},"loc":{"start":{"line":209,"column":36},"end":{"line":223,"column":13}}},"15":{"name":"(anonymous_15)","decl":{"start":{"line":218,"column":16},"end":{"line":218,"column":17}},"loc":{"start":{"line":219,"column":18},"end":{"line":219,"column":89}}},"16":{"name":"(anonymous_16)","decl":{"start":{"line":222,"column":27},"end":{"line":222,"column":28}},"loc":{"start":{"line":222,"column":62},"end":{"line":222,"column":87}}},"17":{"name":"(anonymous_17)","decl":{"start":{"line":229,"column":26},"end":{"line":229,"column":27}},"loc":{"start":{"line":229,"column":61},"end":{"line":229,"column":96}}},"18":{"name":"(anonymous_18)","decl":{"start":{"line":233,"column":12},"end":{"line":233,"column":13}},"loc":{"start":{"line":234,"column":14},"end":{"line":235,"column":126}}},"19":{"name":"(anonymous_19)","decl":{"start":{"line":246,"column":26},"end":{"line":246,"column":27}},"loc":{"start":{"line":246,"column":61},"end":{"line":246,"column":93}}},"20":{"name":"(anonymous_20)","decl":{"start":{"line":252,"column":8},"end":{"line":252,"column":9}},"loc":{"start":{"line":252,"column":23},"end":{"line":252,"column":89}}},"21":{"name":"(anonymous_21)","decl":{"start":{"line":271,"column":33},"end":{"line":271,"column":38}},"loc":{"start":{"line":271,"column":44},"end":{"line":294,"column":3}}},"22":{"name":"(anonymous_22)","decl":{"start":{"line":273,"column":23},"end":{"line":273,"column":24}},"loc":{"start":{"line":273,"column":38},"end":{"line":273,"column":90}}},"23":{"name":"(anonymous_23)","decl":{"start":{"line":286,"column":23},"end":{"line":286,"column":24}},"loc":{"start":{"line":286,"column":38},"end":{"line":286,"column":72}}},"24":{"name":"(anonymous_24)","decl":{"start":{"line":289,"column":8},"end":{"line":289,"column":9}},"loc":{"start":{"line":290,"column":10},"end":{"line":291,"column":117}}},"25":{"name":"(anonymous_25)","decl":{"start":{"line":305,"column":20},"end":{"line":305,"column":21}},"loc":{"start":{"line":305,"column":67},"end":{"line":305,"column":95}}},"26":{"name":"(anonymous_26)","decl":{"start":{"line":321,"column":20},"end":{"line":321,"column":21}},"loc":{"start":{"line":321,"column":25},"end":{"line":321,"column":61}}},"27":{"name":"(anonymous_27)","decl":{"start":{"line":326,"column":39},"end":{"line":326,"column":47}},"loc":{"start":{"line":327,"column":12},"end":{"line":328,"column":null}}},"28":{"name":"(anonymous_28)","decl":{"start":{"line":346,"column":20},"end":{"line":346,"column":21}},"loc":{"start":{"line":346,"column":64},"end":{"line":346,"column":96}}},"29":{"name":"(anonymous_29)","decl":{"start":{"line":368,"column":37},"end":{"line":368,"column":38}},"loc":{"start":{"line":369,"column":16},"end":{"line":369,"column":34}}},"30":{"name":"(anonymous_30)","decl":{"start":{"line":388,"column":21},"end":{"line":388,"column":24}},"loc":{"start":{"line":388,"column":27},"end":{"line":388,"column":32}}},"31":{"name":"(anonymous_31)","decl":{"start":{"line":414,"column":63},"end":{"line":414,"column":64}},"loc":{"start":{"line":414,"column":73},"end":{"line":414,"column":78}}},"32":{"name":"(anonymous_32)","decl":{"start":{"line":421,"column":30},"end":{"line":421,"column":31}},"loc":{"start":{"line":422,"column":16},"end":{"line":423,"column":null}}},"33":{"name":"(anonymous_33)","decl":{"start":{"line":424,"column":27},"end":{"line":424,"column":30}},"loc":{"start":{"line":424,"column":33},"end":{"line":424,"column":93}}},"34":{"name":"(anonymous_34)","decl":{"start":{"line":424,"column":50},"end":{"line":424,"column":54}},"loc":{"start":{"line":424,"column":59},"end":{"line":424,"column":91}}},"35":{"name":"(anonymous_35)","decl":{"start":{"line":448,"column":50},"end":{"line":448,"column":51}},"loc":{"start":{"line":449,"column":30},"end":{"line":449,"column":76}}}},"branchMap":{"0":{"loc":{"start":{"line":41,"column":54},"end":{"line":41,"column":70}},"type":"default-arg","locations":[{"start":{"line":41,"column":65},"end":{"line":41,"column":70}}]},"1":{"loc":{"start":{"line":66,"column":34},"end":{"line":66,"column":78}},"type":"cond-expr","locations":[{"start":{"line":66,"column":45},"end":{"line":66,"column":62}},{"start":{"line":66,"column":65},"end":{"line":66,"column":78}}]},"2":{"loc":{"start":{"line":68,"column":4},"end":{"line":73,"column":5}},"type":"if","locations":[{"start":{"line":68,"column":4},"end":{"line":73,"column":5}},{"start":{"line":70,"column":11},"end":{"line":73,"column":5}}]},"3":{"loc":{"start":{"line":106,"column":4},"end":{"line":109,"column":5}},"type":"if","locations":[{"start":{"line":106,"column":4},"end":{"line":109,"column":5}}]},"4":{"loc":{"start":{"line":126,"column":6},"end":{"line":131,"column":7}},"type":"if","locations":[{"start":{"line":126,"column":6},"end":{"line":131,"column":7}}]},"5":{"loc":{"start":{"line":126,"column":10},"end":{"line":126,"column":43}},"type":"binary-expr","locations":[{"start":{"line":126,"column":10},"end":{"line":126,"column":21}},{"start":{"line":126,"column":25},"end":{"line":126,"column":43}}]},"6":{"loc":{"start":{"line":148,"column":15},"end":{"line":148,"column":40}},"type":"binary-expr","locations":[{"start":{"line":148,"column":15},"end":{"line":148,"column":35}},{"start":{"line":148,"column":39},"end":{"line":148,"column":40}}]},"7":{"loc":{"start":{"line":153,"column":6},"end":{"line":159,"column":7}},"type":"if","locations":[{"start":{"line":153,"column":6},"end":{"line":159,"column":7}}]},"8":{"loc":{"start":{"line":153,"column":10},"end":{"line":153,"column":53}},"type":"binary-expr","locations":[{"start":{"line":153,"column":10},"end":{"line":153,"column":24}},{"start":{"line":153,"column":28},"end":{"line":153,"column":53}}]},"9":{"loc":{"start":{"line":178,"column":31},"end":{"line":178,"column":69}},"type":"binary-expr","locations":[{"start":{"line":178,"column":31},"end":{"line":178,"column":44}},{"start":{"line":178,"column":48},"end":{"line":178,"column":69}}]},"10":{"loc":{"start":{"line":184,"column":14},"end":{"line":187,"column":15}},"type":"if","locations":[{"start":{"line":184,"column":14},"end":{"line":187,"column":15}}]},"11":{"loc":{"start":{"line":189,"column":32},"end":{"line":189,"column":70}},"type":"binary-expr","locations":[{"start":{"line":189,"column":32},"end":{"line":189,"column":45}},{"start":{"line":189,"column":49},"end":{"line":189,"column":70}}]},"12":{"loc":{"start":{"line":191,"column":34},"end":{"line":191,"column":99}},"type":"binary-expr","locations":[{"start":{"line":191,"column":34},"end":{"line":191,"column":62}},{"start":{"line":191,"column":67},"end":{"line":191,"column":94}},{"start":{"line":191,"column":98},"end":{"line":191,"column":99}}]},"13":{"loc":{"start":{"line":192,"column":33},"end":{"line":192,"column":96}},"type":"binary-expr","locations":[{"start":{"line":192,"column":33},"end":{"line":192,"column":60}},{"start":{"line":192,"column":65},"end":{"line":192,"column":91}},{"start":{"line":192,"column":95},"end":{"line":192,"column":96}}]},"14":{"loc":{"start":{"line":193,"column":14},"end":{"line":198,"column":15}},"type":"if","locations":[{"start":{"line":193,"column":14},"end":{"line":198,"column":15}}]},"15":{"loc":{"start":{"line":196,"column":30},"end":{"line":196,"column":48}},"type":"binary-expr","locations":[{"start":{"line":196,"column":30},"end":{"line":196,"column":43}},{"start":{"line":196,"column":47},"end":{"line":196,"column":48}}]},"16":{"loc":{"start":{"line":199,"column":14},"end":{"line":207,"column":15}},"type":"if","locations":[{"start":{"line":199,"column":14},"end":{"line":207,"column":15}}]},"17":{"loc":{"start":{"line":199,"column":18},"end":{"line":199,"column":41}},"type":"binary-expr","locations":[{"start":{"line":199,"column":18},"end":{"line":199,"column":28}},{"start":{"line":199,"column":32},"end":{"line":199,"column":41}}]},"18":{"loc":{"start":{"line":203,"column":24},"end":{"line":203,"column":43}},"type":"binary-expr","locations":[{"start":{"line":203,"column":24},"end":{"line":203,"column":37}},{"start":{"line":203,"column":41},"end":{"line":203,"column":43}}]},"19":{"loc":{"start":{"line":214,"column":26},"end":{"line":214,"column":76}},"type":"binary-expr","locations":[{"start":{"line":214,"column":26},"end":{"line":214,"column":70}},{"start":{"line":214,"column":74},"end":{"line":214,"column":76}}]},"20":{"loc":{"start":{"line":221,"column":24},"end":{"line":221,"column":77}},"type":"binary-expr","locations":[{"start":{"line":221,"column":24},"end":{"line":221,"column":72}},{"start":{"line":221,"column":76},"end":{"line":221,"column":77}}]},"21":{"loc":{"start":{"line":225,"column":12},"end":{"line":225,"column":33}},"type":"binary-expr","locations":[{"start":{"line":225,"column":12},"end":{"line":225,"column":20}},{"start":{"line":225,"column":24},"end":{"line":225,"column":33}}]},"22":{"loc":{"start":{"line":226,"column":12},"end":{"line":226,"column":30}},"type":"binary-expr","locations":[{"start":{"line":226,"column":12},"end":{"line":226,"column":17}},{"start":{"line":226,"column":21},"end":{"line":226,"column":30}}]},"23":{"loc":{"start":{"line":235,"column":56},"end":{"line":235,"column":122}},"type":"cond-expr","locations":[{"start":{"line":235,"column":85},"end":{"line":235,"column":102}},{"start":{"line":235,"column":105},"end":{"line":235,"column":122}}]},"24":{"loc":{"start":{"line":239,"column":10},"end":{"line":244,"column":11}},"type":"if","locations":[{"start":{"line":239,"column":10},"end":{"line":244,"column":11}}]},"25":{"loc":{"start":{"line":252,"column":37},"end":{"line":252,"column":85}},"type":"cond-expr","locations":[{"start":{"line":252,"column":60},"end":{"line":252,"column":71}},{"start":{"line":252,"column":74},"end":{"line":252,"column":85}}]},"26":{"loc":{"start":{"line":256,"column":6},"end":{"line":260,"column":7}},"type":"if","locations":[{"start":{"line":256,"column":6},"end":{"line":260,"column":7}}]},"27":{"loc":{"start":{"line":264,"column":6},"end":{"line":267,"column":7}},"type":"if","locations":[{"start":{"line":264,"column":6},"end":{"line":267,"column":7}}]},"28":{"loc":{"start":{"line":282,"column":8},"end":{"line":282,"column":29}},"type":"binary-expr","locations":[{"start":{"line":282,"column":8},"end":{"line":282,"column":16}},{"start":{"line":282,"column":20},"end":{"line":282,"column":29}}]},"29":{"loc":{"start":{"line":283,"column":8},"end":{"line":283,"column":26}},"type":"binary-expr","locations":[{"start":{"line":283,"column":8},"end":{"line":283,"column":13}},{"start":{"line":283,"column":17},"end":{"line":283,"column":26}}]},"30":{"loc":{"start":{"line":291,"column":35},"end":{"line":291,"column":113}},"type":"cond-expr","locations":[{"start":{"line":291,"column":68},"end":{"line":291,"column":89}},{"start":{"line":291,"column":92},"end":{"line":291,"column":113}}]},"31":{"loc":{"start":{"line":354,"column":9},"end":{"line":382,"column":null}},"type":"binary-expr","locations":[{"start":{"line":354,"column":9},"end":{"line":354,"column":20}},{"start":{"line":355,"column":10},"end":{"line":381,"column":null}}]},"32":{"loc":{"start":{"line":391,"column":14},"end":{"line":393,"column":62}},"type":"cond-expr","locations":[{"start":{"line":392,"column":18},"end":{"line":392,"column":54}},{"start":{"line":393,"column":18},"end":{"line":393,"column":62}}]},"33":{"loc":{"start":{"line":397,"column":13},"end":{"line":397,"column":43}},"type":"cond-expr","locations":[{"start":{"line":397,"column":23},"end":{"line":397,"column":35}},{"start":{"line":397,"column":38},"end":{"line":397,"column":43}}]},"34":{"loc":{"start":{"line":400,"column":13},"end":{"line":402,"column":80}},"type":"cond-expr","locations":[{"start":{"line":401,"column":16},"end":{"line":401,"column":91}},{"start":{"line":402,"column":16},"end":{"line":402,"column":80}}]},"35":{"loc":{"start":{"line":411,"column":9},"end":{"line":415,"column":null}},"type":"binary-expr","locations":[{"start":{"line":411,"column":9},"end":{"line":411,"column":42}},{"start":{"line":412,"column":10},"end":{"line":414,"column":null}}]},"36":{"loc":{"start":{"line":417,"column":9},"end":{"line":483,"column":null}},"type":"binary-expr","locations":[{"start":{"line":417,"column":9},"end":{"line":417,"column":13}},{"start":{"line":418,"column":10},"end":{"line":482,"column":null}}]},"37":{"loc":{"start":{"line":431,"column":22},"end":{"line":431,"column":53}},"type":"binary-expr","locations":[{"start":{"line":431,"column":22},"end":{"line":431,"column":40}},{"start":{"line":431,"column":44},"end":{"line":431,"column":53}}]},"38":{"loc":{"start":{"line":434,"column":21},"end":{"line":434,"column":94}},"type":"cond-expr","locations":[{"start":{"line":434,"column":50},"end":{"line":434,"column":89}},{"start":{"line":434,"column":92},"end":{"line":434,"column":94}}]},"39":{"loc":{"start":{"line":434,"column":22},"end":{"line":434,"column":42}},"type":"binary-expr","locations":[{"start":{"line":434,"column":22},"end":{"line":434,"column":37}},{"start":{"line":434,"column":41},"end":{"line":434,"column":42}}]},"40":{"loc":{"start":{"line":434,"column":55},"end":{"line":434,"column":75}},"type":"binary-expr","locations":[{"start":{"line":434,"column":55},"end":{"line":434,"column":70}},{"start":{"line":434,"column":74},"end":{"line":434,"column":75}}]},"41":{"loc":{"start":{"line":436,"column":19},"end":{"line":478,"column":null}},"type":"binary-expr","locations":[{"start":{"line":436,"column":19},"end":{"line":436,"column":38}},{"start":{"line":437,"column":20},"end":{"line":477,"column":null}}]},"42":{"loc":{"start":{"line":441,"column":33},"end":{"line":441,"column":53}},"type":"binary-expr","locations":[{"start":{"line":441,"column":33},"end":{"line":441,"column":48}},{"start":{"line":441,"column":52},"end":{"line":441,"column":53}}]},"43":{"loc":{"start":{"line":443,"column":72},"end":{"line":443,"column":93}},"type":"binary-expr","locations":[{"start":{"line":443,"column":72},"end":{"line":443,"column":88}},{"start":{"line":443,"column":92},"end":{"line":443,"column":93}}]},"44":{"loc":{"start":{"line":444,"column":23},"end":{"line":476,"column":null}},"type":"binary-expr","locations":[{"start":{"line":444,"column":23},"end":{"line":444,"column":39}},{"start":{"line":444,"column":43},"end":{"line":444,"column":70}},{"start":{"line":445,"column":24},"end":{"line":475,"column":null}}]}},"s":{"0":1,"1":1,"2":1,"3":1,"4":1,"5":1,"6":61,"7":61,"8":61,"9":61,"10":61,"11":61,"12":61,"13":61,"14":61,"15":61,"16":61,"17":61,"18":61,"19":61,"20":61,"21":61,"22":61,"23":34,"24":61,"25":24,"26":22,"27":2,"28":2,"29":61,"30":22,"31":22,"32":22,"33":22,"34":21,"35":21,"36":21,"37":21,"38":1,"39":1,"40":1,"41":61,"42":2,"43":2,"44":2,"45":6,"46":2,"47":2,"48":2,"49":61,"50":10,"51":10,"52":10,"53":10,"54":10,"55":10,"56":0,"57":0,"58":0,"59":0,"60":0,"61":10,"62":10,"63":10,"64":10,"65":10,"66":10,"67":10,"68":10,"69":10,"70":10,"71":9,"72":9,"73":9,"74":0,"75":0,"76":0,"77":0,"78":0,"79":0,"80":9,"81":15,"82":15,"83":14,"84":15,"85":15,"86":15,"87":21,"88":21,"89":0,"90":0,"91":21,"92":21,"93":15,"94":21,"95":21,"96":21,"97":20,"98":12,"99":21,"100":20,"101":12,"102":11,"103":11,"104":6,"105":11,"106":11,"107":6,"108":13,"109":8,"110":1,"111":1,"112":1,"113":1,"114":1,"115":1,"116":1,"117":1,"118":0,"119":0,"120":1,"121":1,"122":1,"123":1,"124":1,"125":1,"126":1,"127":9,"128":9,"129":9,"130":0,"131":0,"132":61,"133":2,"134":2,"135":2,"136":2,"137":2,"138":2,"139":2,"140":0,"141":0,"142":61,"143":1,"144":2,"145":244,"146":2,"147":51,"148":10,"149":8,"150":37,"151":2,"152":2,"153":0},"f":{"0":61,"1":34,"2":24,"3":22,"4":2,"5":6,"6":10,"7":0,"8":0,"9":14,"10":21,"11":15,"12":12,"13":12,"14":11,"15":6,"16":6,"17":8,"18":1,"19":0,"20":1,"21":2,"22":2,"23":2,"24":0,"25":1,"26":2,"27":244,"28":2,"29":51,"30":10,"31":8,"32":37,"33":2,"34":2,"35":0},"b":{"0":[58],"1":[2,32],"2":[22,2],"3":[2],"4":[0],"5":[0,0],"6":[9,0],"7":[0],"8":[9,9],"9":[21,21],"10":[0],"11":[21,21],"12":[21,1,1],"13":[21,1,1],"14":[20],"15":[12,6],"16":[20],"17":[21,1],"18":[12,6],"19":[11,0],"20":[11,0],"21":[15,12],"22":[15,14],"23":[1,0],"24":[1],"25":[1,0],"26":[1],"27":[0],"28":[2,2],"29":[2,2],"30":[0,0],"31":[61,26],"32":[25,36],"33":[25,36],"34":[25,36],"35":[61,6],"36":[61,19],"37":[37,10],"38":[8,29],"39":[37,29],"40":[8,0],"41":[37,1],"42":[1,1],"43":[1,1],"44":[1,0,0]}}
}
