TN:
SF:src/components/Card.tsx
FN:14,Card
FNF:1
FNH:1
FNDA:48,Card
DA:14,3
DA:24,48
DA:25,48
DA:26,48
DA:27,48
DA:29,48
LF:6
LH:6
BRDA:16,0,0,0
BRDA:17,1,0,48
BRDA:18,2,0,34
BRDA:19,3,0,34
BRDA:20,4,0,34
BRDA:24,5,0,0
BRDA:24,5,1,48
BRDA:24,6,0,0
BRDA:24,6,1,48
BRDA:25,7,0,48
BRDA:25,7,1,0
BRDA:26,8,0,48
BRDA:26,8,1,0
BRDA:27,9,0,48
BRDA:27,9,1,0
BRF:15
BRH:9
end_of_record
TN:
SF:src/components/LoadingSkeleton.tsx
FN:6,StatusCardSkeleton
FN:24,(anonymous_1)
FN:42,StatCardSkeleton
FN:64,ListItemSkeleton
FN:88,ListSkeleton
FN:91,(anonymous_5)
FN:102,ProviderCardSkeleton
FN:134,DashboardSkeleton
FN:167,(anonymous_8)
FN:176,(anonymous_9)
FNF:10
FNH:10
FNDA:26,StatusCardSkeleton
FNDA:78,(anonymous_1)
FNDA:14,StatCardSkeleton
FNDA:11,ListItemSkeleton
FNDA:3,ListSkeleton
FNDA:10,(anonymous_5)
FNDA:2,ProviderCardSkeleton
FNDA:4,DashboardSkeleton
FNDA:24,(anonymous_8)
FNDA:16,(anonymous_9)
DA:1,1
DA:6,1
DA:7,26
DA:25,78
DA:42,1
DA:43,14
DA:64,1
DA:65,11
DA:88,1
DA:89,3
DA:92,10
DA:102,1
DA:103,2
DA:134,1
DA:135,4
DA:168,24
DA:177,16
LF:17
LH:17
BRDA:88,0,0,1
BRF:1
BRH:1
end_of_record
TN:
SF:src/components/StatusCard.tsx
FN:65,StatusCard
FN:77,(anonymous_1)
FN:136,(anonymous_2)
FNF:3
FNH:3
FNDA:8,StatusCard
FNDA:8,(anonymous_1)
FNDA:3,(anonymous_2)
DA:2,1
DA:3,1
DA:4,1
DA:27,1
DA:65,1
DA:74,8
DA:77,8
DA:78,8
DA:79,8
DA:80,8
DA:81,8
DA:82,8
DA:83,8
DA:84,8
DA:85,8
DA:87,8
DA:88,1
DA:89,0
DA:90,0
DA:92,0
DA:96,8
DA:97,8
DA:99,8
DA:137,3
LF:24
LH:21
BRDA:69,0,0,7
BRDA:72,1,0,7
BRDA:78,2,0,0
BRDA:87,3,0,7
BRDA:88,4,0,1
BRDA:89,5,0,0
BRDA:97,6,0,8
BRDA:97,6,1,7
BRDA:107,7,0,8
BRDA:107,7,1,8
BRDA:127,8,0,8
BRDA:127,8,1,8
BRDA:134,9,0,8
BRDA:134,9,1,1
BRF:14
BRH:12
end_of_record
TN:
SF:src/components/cost/CostPanel.tsx
FN:7,CostPanel
FN:19,(anonymous_1)
FN:29,(anonymous_2)
FNF:3
FNH:3
FNDA:1,CostPanel
FNDA:2,(anonymous_1)
FNDA:2,(anonymous_2)
DA:7,1
DA:8,1
DA:10,1
DA:20,2
DA:30,2
LF:5
LH:5
BRDA:8,0,0,0
BRF:1
BRH:0
end_of_record
TN:
SF:src/components/streaming/StreamingView.tsx
FN:16,StreamingView
FN:23,(anonymous_1)
FN:40,(anonymous_2)
FN:45,(anonymous_3)
FN:52,(anonymous_4)
FN:59,(anonymous_5)
FN:66,(anonymous_6)
FN:81,(anonymous_7)
FNF:8
FNH:7
FNDA:84,StreamingView
FNDA:39,(anonymous_1)
FNDA:6,(anonymous_2)
FNDA:26,(anonymous_3)
FNDA:39,(anonymous_4)
FNDA:84,(anonymous_5)
FNDA:4,(anonymous_6)
FNDA:0,(anonymous_7)
DA:1,2
DA:2,2
DA:3,2
DA:16,2
DA:17,84
DA:18,84
DA:19,84
DA:20,84
DA:21,84
DA:23,84
DA:25,39
DA:28,39
DA:29,24
DA:32,15
DA:33,15
DA:34,5
DA:40,6
DA:41,5
DA:45,84
DA:47,26
DA:48,26
DA:52,84
DA:54,39
DA:55,3
DA:59,84
DA:60,84
DA:61,44
DA:64,40
DA:67,4
DA:81,84
DA:82,0
DA:83,0
DA:86,0
DA:90,84
LF:34
LH:31
BRDA:16,0,0,0
BRDA:28,1,0,24
BRDA:33,2,0,5
BRDA:36,3,0,5
BRDA:36,3,1,5
BRDA:47,4,0,26
BRDA:54,5,0,3
BRDA:54,6,0,39
BRDA:54,6,1,24
BRDA:60,7,0,44
BRDA:69,8,0,0
BRDA:69,8,1,4
BRDA:94,9,0,6
BRDA:94,9,1,78
BRDA:96,10,0,84
BRDA:96,10,1,40
BRDA:101,11,0,84
BRDA:101,11,1,44
BRDA:101,11,2,8
BRF:19
BRH:17
end_of_record
TN:
SF:src/components/task-execution/TaskControls.tsx
FN:17,(anonymous_0)
FN:36,(anonymous_1)
FN:41,(anonymous_2)
FN:53,(anonymous_3)
FNF:4
FNH:2
FNDA:2,(anonymous_0)
FNDA:0,(anonymous_1)
FNDA:2,(anonymous_2)
FNDA:0,(anonymous_3)
DA:1,1
DA:2,1
DA:17,1
DA:29,2
DA:36,0
DA:42,2
DA:53,0
LF:7
LH:5
BRDA:64,0,0,2
BRDA:64,0,1,1
BRDA:64,0,2,1
BRDA:64,0,3,1
BRDA:70,1,0,2
BRDA:70,1,1,1
BRF:6
BRH:6
end_of_record
TN:
SF:src/components/task-execution/TaskOutput.tsx
FN:9,(anonymous_0)
FN:25,(anonymous_1)
FNF:2
FNH:2
FNDA:1,(anonymous_0)
FNDA:2,(anonymous_1)
DA:1,1
DA:9,1
DA:10,1
DA:12,1
DA:26,2
LF:5
LH:5
BRDA:10,0,0,0
BRDA:16,1,0,1
BRDA:16,1,1,0
BRDA:27,2,0,2
BRDA:27,2,1,0
BRDA:28,3,0,2
BRDA:28,3,1,1
BRF:7
BRH:4
end_of_record
TN:
SF:src/components/ui/Alert.tsx
FN:50,Alert
FNF:1
FNH:1
FNDA:10,Alert
DA:2,2
DA:19,2
DA:50,2
DA:59,10
DA:60,10
DA:61,10
DA:63,10
LF:7
LH:7
BRDA:51,0,0,6
BRDA:54,1,0,8
BRDA:57,2,0,9
BRDA:60,3,0,10
BRDA:60,3,1,10
BRDA:61,4,0,2
BRDA:61,4,1,8
BRDA:71,5,0,10
BRDA:71,5,1,1
BRDA:74,6,0,10
BRDA:74,6,1,1
BRDA:74,6,2,1
BRF:12
BRH:12
end_of_record
TN:
SF:src/components/ui/Badge.tsx
FN:31,Badge
FNF:1
FNH:1
FNDA:17,Badge
DA:14,3
DA:22,3
DA:31,3
DA:38,17
LF:4
LH:4
BRDA:32,0,0,4
BRDA:33,1,0,15
BRDA:35,2,0,16
BRDA:44,3,0,17
BRDA:44,3,1,9
BRF:5
BRH:5
end_of_record
TN:
SF:src/components/ui/Button.tsx
FN:33,Button
FNF:1
FNH:1
FNDA:16,Button
DA:15,4
DA:23,4
DA:33,4
DA:45,16
DA:46,16
DA:47,16
DA:49,16
LF:7
LH:7
BRDA:34,0,0,8
BRDA:35,1,0,14
BRDA:36,2,0,15
BRDA:38,3,0,14
BRDA:40,4,0,16
BRDA:46,5,0,1
BRDA:46,5,1,15
BRDA:47,6,0,1
BRDA:47,6,1,15
BRDA:52,7,0,16
BRDA:52,7,1,14
BRDA:55,8,0,16
BRDA:55,8,1,0
BRDA:56,9,0,16
BRDA:56,9,1,16
BRDA:56,9,2,1
BRF:16
BRH:15
end_of_record
TN:
SF:src/components/ui/Grid.tsx
FN:19,Grid
FNF:1
FNH:1
FNDA:9,Grid
DA:9,2
DA:19,2
DA:26,9
DA:28,9
LF:4
LH:4
BRDA:21,0,0,5
BRDA:22,1,0,7
BRDA:23,2,0,7
BRDA:26,3,0,7
BRDA:26,3,1,2
BRF:5
BRH:5
end_of_record
TN:
SF:src/components/ui/IconButton.tsx
FN:30,IconButton
FNF:1
FNH:1
FNDA:6,IconButton
DA:13,3
DA:20,3
DA:30,3
DA:39,6
DA:41,6
LF:5
LH:5
BRDA:31,0,0,5
BRDA:32,1,0,5
BRDA:34,2,0,4
BRF:3
BRH:3
end_of_record
TN:
SF:src/components/ui/Tooltip.tsx
FN:21,Tooltip
FN:32,(anonymous_1)
FN:33,(anonymous_2)
FN:36,(anonymous_3)
FN:40,(anonymous_4)
FN:46,(anonymous_5)
FN:49,(anonymous_6)
FN:50,(anonymous_7)
FNF:8
FNH:8
FNDA:35,Tooltip
FNDA:8,(anonymous_1)
FNDA:8,(anonymous_2)
FNDA:7,(anonymous_3)
FNDA:3,(anonymous_4)
FNDA:3,(anonymous_5)
FNDA:16,(anonymous_6)
FNDA:16,(anonymous_7)
DA:1,3
DA:21,3
DA:27,35
DA:28,35
DA:29,35
DA:30,35
DA:32,35
DA:33,8
DA:34,8
DA:36,8
DA:40,35
DA:41,3
DA:42,3
DA:44,3
DA:46,3
DA:49,35
DA:50,16
DA:51,16
DA:52,7
DA:57,35
DA:64,35
LF:21
LH:21
BRDA:24,0,0,20
BRDA:25,1,0,33
BRDA:41,2,0,3
BRDA:51,3,0,7
BRDA:72,4,0,9
BRDA:72,4,1,26
BRDA:74,5,0,35
BRDA:74,5,1,15
BRDA:84,6,0,5
BRDA:84,6,1,10
BRDA:92,7,0,14
BRDA:92,7,1,1
BRDA:93,8,0,1
BRDA:93,8,1,14
BRDA:94,9,0,0
BRDA:94,9,1,15
BRDA:95,10,0,0
BRDA:95,10,1,15
BRF:18
BRH:16
end_of_record
TN:
SF:src/components/ui/index.ts
FN:8,(anonymous_0)
FN:9,(anonymous_1)
FN:10,(anonymous_2)
FN:11,(anonymous_3)
FN:12,(anonymous_4)
FN:13,(anonymous_5)
FN:14,(anonymous_6)
FNF:7
FNH:1
FNDA:5,(anonymous_0)
FNDA:0,(anonymous_1)
FNDA:0,(anonymous_2)
FNDA:0,(anonymous_3)
FNDA:0,(anonymous_4)
FNDA:0,(anonymous_5)
FNDA:0,(anonymous_6)
DA:8,6
DA:9,1
DA:10,1
DA:11,1
DA:12,1
DA:13,1
DA:14,1
LF:7
LH:7
BRF:0
BRH:0
end_of_record
TN:
SF:src/hooks/useTaskExecution.ts
FN:14,(anonymous_0)
FN:27,(anonymous_1)
FN:29,(anonymous_2)
FN:46,(anonymous_3)
FN:54,(anonymous_4)
FN:84,(anonymous_5)
FN:89,(anonymous_6)
FN:94,(anonymous_7)
FN:106,(anonymous_8)
FN:113,(anonymous_9)
FN:124,(anonymous_10)
FN:142,(anonymous_11)
FNF:12
FNH:8
FNDA:5,(anonymous_0)
FNDA:2,(anonymous_1)
FNDA:2,(anonymous_2)
FNDA:2,(anonymous_3)
FNDA:1,(anonymous_4)
FNDA:2,(anonymous_5)
FNDA:2,(anonymous_6)
FNDA:1,(anonymous_7)
FNDA:0,(anonymous_8)
FNDA:0,(anonymous_9)
FNDA:0,(anonymous_10)
FNDA:0,(anonymous_11)
DA:1,1
DA:2,1
DA:14,1
DA:15,5
DA:16,5
DA:17,5
DA:18,5
DA:19,5
DA:20,5
DA:21,5
DA:22,5
DA:24,5
DA:25,5
DA:27,5
DA:28,2
DA:29,2
DA:30,2
DA:31,2
DA:32,2
DA:33,2
DA:34,2
DA:35,2
DA:38,0
DA:39,0
DA:40,0
DA:44,2
DA:46,2
DA:47,2
DA:48,2
DA:49,1
DA:54,5
DA:55,1
DA:56,0
DA:57,0
DA:60,1
DA:61,1
DA:62,1
DA:63,1
DA:64,1
DA:66,1
DA:71,1
DA:74,1
DA:76,0
DA:77,0
DA:78,0
DA:80,1
DA:84,5
DA:85,2
DA:86,2
DA:88,2
DA:89,2
DA:92,2
DA:94,1
DA:96,1
DA:97,1
DA:100,0
DA:101,0
DA:102,0
DA:106,5
DA:107,0
DA:109,0
DA:110,0
DA:111,0
DA:112,0
DA:113,0
DA:114,0
DA:115,0
DA:116,0
DA:119,0
DA:120,0
DA:124,5
DA:125,0
DA:126,0
DA:129,5
DA:142,0
LF:75
LH:50
BRDA:32,0,0,0
BRDA:34,1,0,2
BRDA:38,2,0,0
BRDA:48,3,0,1
BRDA:55,4,0,0
BRDA:55,5,0,1
BRDA:55,5,1,1
BRDA:88,6,0,2
BRDA:88,7,0,2
BRDA:88,7,1,2
BRDA:92,8,0,1
BRDA:92,8,1,1
BRDA:107,9,0,0
BRDA:114,10,0,0
BRF:14
BRH:9
end_of_record
TN:
SF:src/pages/GoblinDemo.tsx
FN:41,GoblinDemo
FN:66,(anonymous_1)
FN:67,(anonymous_2)
FN:76,(anonymous_3)
FN:101,(anonymous_4)
FN:105,(anonymous_5)
FN:112,(anonymous_6)
FN:125,(anonymous_7)
FN:155,(anonymous_8)
FN:168,(anonymous_9)
FN:175,(anonymous_10)
FN:190,(anonymous_11)
FN:194,(anonymous_12)
FN:200,(anonymous_13)
FN:209,(anonymous_14)
FN:218,(anonymous_15)
FN:222,(anonymous_16)
FN:229,(anonymous_17)
FN:233,(anonymous_18)
FN:246,(anonymous_19)
FN:252,(anonymous_20)
FN:271,(anonymous_21)
FN:273,(anonymous_22)
FN:286,(anonymous_23)
FN:289,(anonymous_24)
FN:305,(anonymous_25)
FN:321,(anonymous_26)
FN:326,(anonymous_27)
FN:346,(anonymous_28)
FN:368,(anonymous_29)
FN:388,(anonymous_30)
FN:414,(anonymous_31)
FN:421,(anonymous_32)
FN:424,(anonymous_33)
FN:424,(anonymous_34)
FN:448,(anonymous_35)
FNF:36
FNH:31
FNDA:61,GoblinDemo
FNDA:34,(anonymous_1)
FNDA:24,(anonymous_2)
FNDA:22,(anonymous_3)
FNDA:2,(anonymous_4)
FNDA:6,(anonymous_5)
FNDA:10,(anonymous_6)
FNDA:0,(anonymous_7)
FNDA:0,(anonymous_8)
FNDA:14,(anonymous_9)
FNDA:21,(anonymous_10)
FNDA:15,(anonymous_11)
FNDA:12,(anonymous_12)
FNDA:12,(anonymous_13)
FNDA:11,(anonymous_14)
FNDA:6,(anonymous_15)
FNDA:6,(anonymous_16)
FNDA:8,(anonymous_17)
FNDA:1,(anonymous_18)
FNDA:0,(anonymous_19)
FNDA:1,(anonymous_20)
FNDA:2,(anonymous_21)
FNDA:2,(anonymous_22)
FNDA:2,(anonymous_23)
FNDA:0,(anonymous_24)
FNDA:1,(anonymous_25)
FNDA:2,(anonymous_26)
FNDA:244,(anonymous_27)
FNDA:2,(anonymous_28)
FNDA:51,(anonymous_29)
FNDA:10,(anonymous_30)
FNDA:8,(anonymous_31)
FNDA:37,(anonymous_32)
FNDA:2,(anonymous_33)
FNDA:2,(anonymous_34)
FNDA:0,(anonymous_35)
DA:1,1
DA:2,1
DA:3,1
DA:4,1
DA:18,1
DA:41,1
DA:42,61
DA:45,61
DA:48,61
DA:49,61
DA:50,61
DA:51,61
DA:52,61
DA:53,61
DA:54,61
DA:55,61
DA:56,61
DA:59,61
DA:60,61
DA:61,61
DA:62,61
DA:63,61
DA:66,61
DA:67,61
DA:68,24
DA:69,22
DA:71,2
DA:72,2
DA:76,61
DA:77,22
DA:82,22
DA:83,22
DA:84,22
DA:85,21
DA:89,21
DA:92,21
DA:93,21
DA:95,1
DA:96,1
DA:97,1
DA:101,61
DA:102,2
DA:104,2
DA:105,6
DA:106,2
DA:107,2
DA:108,2
DA:112,61
DA:113,10
DA:119,10
DA:120,10
DA:121,10
DA:122,10
DA:125,10
DA:126,0
DA:127,0
DA:128,0
DA:129,0
DA:130,0
DA:134,10
DA:137,10
DA:138,10
DA:139,10
DA:140,10
DA:141,10
DA:143,10
DA:144,10
DA:145,10
DA:146,10
DA:147,9
DA:151,9
DA:153,9
DA:154,0
DA:155,0
DA:156,0
DA:157,0
DA:158,0
DA:161,9
DA:162,15
DA:168,15
DA:170,15
DA:171,15
DA:172,15
DA:176,21
DA:184,21
DA:185,0
DA:186,0
DA:189,21
DA:190,21
DA:191,21
DA:192,21
DA:193,21
DA:194,20
DA:199,21
DA:200,20
DA:210,11
DA:217,11
DA:219,6
DA:221,11
DA:222,11
DA:229,13
DA:231,1
DA:232,1
DA:234,1
DA:239,1
DA:240,1
DA:241,1
DA:242,1
DA:243,1
DA:246,0
DA:250,1
DA:251,1
DA:252,1
DA:256,1
DA:257,1
DA:258,1
DA:259,1
DA:262,9
DA:263,9
DA:264,9
DA:265,0
DA:266,0
DA:271,61
DA:272,2
DA:273,2
DA:276,2
DA:277,2
DA:286,2
DA:288,0
DA:290,0
DA:296,61
DA:305,1
DA:321,2
DA:327,244
DA:346,2
DA:369,51
DA:388,10
DA:414,8
DA:422,37
DA:424,2
DA:449,0
LF:141
LH:123
BRDA:41,0,0,58
BRDA:66,1,0,2
BRDA:66,1,1,32
BRDA:68,2,0,22
BRDA:68,2,1,2
BRDA:106,3,0,2
BRDA:126,4,0,0
BRDA:126,5,0,0
BRDA:126,5,1,0
BRDA:148,6,0,9
BRDA:148,6,1,0
BRDA:153,7,0,0
BRDA:153,8,0,9
BRDA:153,8,1,9
BRDA:178,9,0,21
BRDA:178,9,1,21
BRDA:184,10,0,0
BRDA:189,11,0,21
BRDA:189,11,1,21
BRDA:191,12,0,21
BRDA:191,12,1,1
BRDA:191,12,2,1
BRDA:192,13,0,21
BRDA:192,13,1,1
BRDA:192,13,2,1
BRDA:193,14,0,20
BRDA:196,15,0,12
BRDA:196,15,1,6
BRDA:199,16,0,20
BRDA:199,17,0,21
BRDA:199,17,1,1
BRDA:203,18,0,12
BRDA:203,18,1,6
BRDA:214,19,0,11
BRDA:214,19,1,0
BRDA:221,20,0,11
BRDA:221,20,1,0
BRDA:225,21,0,15
BRDA:225,21,1,12
BRDA:226,22,0,15
BRDA:226,22,1,14
BRDA:235,23,0,1
BRDA:235,23,1,0
BRDA:239,24,0,1
BRDA:252,25,0,1
BRDA:252,25,1,0
BRDA:256,26,0,1
BRDA:264,27,0,0
BRDA:282,28,0,2
BRDA:282,28,1,2
BRDA:283,29,0,2
BRDA:283,29,1,2
BRDA:291,30,0,0
BRDA:291,30,1,0
BRDA:354,31,0,61
BRDA:354,31,1,26
BRDA:391,32,0,25
BRDA:391,32,1,36
BRDA:397,33,0,25
BRDA:397,33,1,36
BRDA:400,34,0,25
BRDA:400,34,1,36
BRDA:411,35,0,61
BRDA:411,35,1,6
BRDA:417,36,0,61
BRDA:417,36,1,19
BRDA:431,37,0,37
BRDA:431,37,1,10
BRDA:434,38,0,8
BRDA:434,38,1,29
BRDA:434,39,0,37
BRDA:434,39,1,29
BRDA:434,40,0,8
BRDA:434,40,1,0
BRDA:436,41,0,37
BRDA:436,41,1,1
BRDA:441,42,0,1
BRDA:441,42,1,1
BRDA:443,43,0,1
BRDA:443,43,1,1
BRDA:444,44,0,1
BRDA:444,44,1,0
BRDA:444,44,2,0
BRF:83
BRH:67
end_of_record
